✓ Initialized. View run at 
https://modal.com/apps/kjms2026/main/ap-EzONItzNZg1kUn1NaoC7r7
✓ Created objects.
├── 🔨 Created mount /Users/jaewoo/SAIT/FlashInfer 
│   Challenge/mlsys26-final-decode/scripts/run_modal.py
└── 🔨 Created function run_benchmark.
[2026-04-24T03:20:30] Packing solution from source files...
Solution packed: /Users/jaewoo/SAIT/FlashInfer Challenge/mlsys26-final-decode/solution.json
  Name: gdn-decode-v2
  Definition: gdn_decode_qk4_v8_d128_k_last
  Author: MSInfer
  Config language: cuda
  Runtime language: python
  Source files: ['kernel.cu', 'decode_submit_entry.py']
[2026-04-24T03:20:30] Validating solution JSON...
[2026-04-24T03:20:30] Loaded solution gdn-decode-v2 (gdn_decode_qk4_v8_d128_k_last) in 0.01s
[2026-04-24T03:20:30] Dispatching benchmark to Modal B200...

==========
== CUDA ==
==========

CUDA Version 13.0.2

Container image Copyright (c) 2016-2023, NVIDIA CORPORATION & AFFILIATES. All rights reserved.

This container image and its contents are governed by the NVIDIA Deep Learning Container License.
By pulling and using the container, you accept the terms and conditions of this license:
https://developer.nvidia.com/ngc/nvidia-deep-learning-container-license

A copy of this license is made available in this container at /NGC-DL-CONTAINER-LICENSE for your convenience.

[2026-04-23T18:20:51] Remote benchmark start: solution=gdn-decode-v2, definition=gdn_decode_qk4_v8_d128_k_last
[2026-04-23T18:20:51] BenchmarkConfig(warmup_runs=1, iterations=5, num_trials=3)
[2026-04-23T18:20:51] Decode path mode=auto
[2026-04-23T18:20:51] Loading trace set from /data/data/mlsys26-contest
[2026-04-23T18:20:51] Loaded trace set in 0.59s
[2026-04-23T18:20:51] Running benchmark across 54 workloads
[2026-04-23T18:24:55] Benchmark completed in 244.19s
[2026-04-23T18:24:55] Decode paths observed: unavailable (external target only or no wrapper logging)
[2026-04-23T18:24:55] Remote benchmark finished in 244.78s
[2026-04-24T03:24:56] Received benchmark results in 265.52s

gdn_decode_qk4_v8_d128_k_last:
  workloads: 54
  status counts: PASSED=54
  avg latency: 12.979 µs (0.012979 ms)
  avg speedup: 958.03x
  worst abs error: 3.05e-05
  worst rel error: 3.97e-01
  Workload 901e5104...: PASSED | 9.387 µs (0.009387 ms) | 79.93x speedup | abs_err=5.96e-08, rel_err=3.43e-03
  Workload a5714b69...: PASSED | 9.794 µs (0.009794 ms) | 77.21x speedup | abs_err=5.96e-08, rel_err=2.18e-02
  Workload 3daa0974...: PASSED | 10.455 µs (0.010455 ms) | 71.85x speedup | abs_err=1.49e-08, rel_err=3.87e-03
  Workload 22d5cef5...: PASSED | 9.581 µs (0.009581 ms) | 77.80x speedup | abs_err=8.94e-08, rel_err=9.47e-03
  Workload aed4bdd4...: PASSED | 9.653 µs (0.009653 ms) | 77.62x speedup | abs_err=1.49e-08, rel_err=4.13e-03
  Workload 49a125e5...: PASSED | 9.655 µs (0.009655 ms) | 77.75x speedup | abs_err=7.45e-08, rel_err=3.51e-03
  Workload 798635cf...: PASSED | 9.491 µs (0.009491 ms) | 78.74x speedup | abs_err=5.96e-08, rel_err=1.87e-03
  Workload 5716e24a...: PASSED | 9.577 µs (0.009577 ms) | 77.88x speedup | abs_err=2.53e-07, rel_err=8.51e-04
  Workload 4c7df22f...: PASSED | 9.378 µs (0.009378 ms) | 79.33x speedup | abs_err=2.38e-07, rel_err=2.91e-02
  Workload d0e91dea...: PASSED | 9.769 µs (0.009769 ms) | 76.73x speedup | abs_err=2.98e-08, rel_err=2.05e-03
  Workload ec9d2340...: PASSED | 9.722 µs (0.009722 ms) | 268.02x speedup | abs_err=1.19e-07, rel_err=5.89e-03
  Workload 9f238670...: PASSED | 9.645 µs (0.009645 ms) | 273.72x speedup | abs_err=1.49e-08, rel_err=2.93e-03
  Workload 6d929bff...: PASSED | 9.431 µs (0.009431 ms) | 272.81x speedup | abs_err=2.38e-07, rel_err=1.05e-02
  Workload 494844dc...: PASSED | 9.801 µs (0.009801 ms) | 271.52x speedup | abs_err=2.98e-08, rel_err=4.29e-03
  Workload 26f760ab...: PASSED | 9.446 µs (0.009446 ms) | 276.87x speedup | abs_err=7.45e-08, rel_err=5.81e-03
  Workload deecf42e...: PASSED | 9.570 µs (0.009570 ms) | 274.89x speedup | abs_err=1.19e-07, rel_err=1.31e-02
  Workload 9a92acbc...: PASSED | 9.617 µs (0.009617 ms) | 273.93x speedup | abs_err=7.45e-08, rel_err=5.94e-03
  Workload fa90b213...: PASSED | 9.530 µs (0.009530 ms) | 272.83x speedup | abs_err=1.43e-06, rel_err=1.14e-01
  Workload 2640f1e3...: PASSED | 9.722 µs (0.009722 ms) | 525.14x speedup | abs_err=1.19e-07, rel_err=3.64e-03
  Workload 7464a1d6...: PASSED | 9.975 µs (0.009975 ms) | 513.09x speedup | abs_err=9.54e-07, rel_err=6.25e-03
  Workload 25d1f606...: PASSED | 9.380 µs (0.009380 ms) | 551.23x speedup | abs_err=2.98e-08, rel_err=2.82e-03
  Workload fe2e6584...: PASSED | 9.963 µs (0.009963 ms) | 513.79x speedup | abs_err=1.79e-07, rel_err=1.02e-02
  Workload ca62112d...: PASSED | 9.796 µs (0.009796 ms) | 523.05x speedup | abs_err=2.98e-08, rel_err=3.79e-03
  Workload 61dfd334...: PASSED | 9.532 µs (0.009532 ms) | 539.70x speedup | abs_err=3.81e-06, rel_err=7.63e-03
  Workload abec5d32...: PASSED | 9.525 µs (0.009525 ms) | 542.41x speedup | abs_err=1.19e-07, rel_err=2.02e-02
  Workload 76eec66d...: PASSED | 10.519 µs (0.010519 ms) | 961.65x speedup | abs_err=2.38e-07, rel_err=6.35e-02
  Workload f0507025...: PASSED | 9.553 µs (0.009553 ms) | 1063.09x speedup | abs_err=1.04e-06, rel_err=3.34e-02
  Workload d1508f6d...: PASSED | 10.159 µs (0.010159 ms) | 996.10x speedup | abs_err=1.19e-07, rel_err=1.47e-02
  Workload 63d4cb66...: PASSED | 10.016 µs (0.010016 ms) | 1009.68x speedup | abs_err=1.79e-07, rel_err=1.76e-02
  Workload ef6bb01d...: PASSED | 10.436 µs (0.010436 ms) | 973.81x speedup | abs_err=1.19e-07, rel_err=7.04e-03
  Workload d0acf04a...: PASSED | 9.722 µs (0.009722 ms) | 1031.15x speedup | abs_err=7.63e-06, rel_err=1.44e-02
  Workload ac83f1e4...: PASSED | 10.018 µs (0.010018 ms) | 1000.23x speedup | abs_err=2.38e-07, rel_err=5.99e-03
  Workload a8c8beff...: PASSED | 12.070 µs (0.012070 ms) | 1675.73x speedup | abs_err=1.19e-07, rel_err=6.00e-03
  Workload 40940a4c...: PASSED | 13.214 µs (0.013214 ms) | 1520.79x speedup | abs_err=4.77e-07, rel_err=4.23e-02
  Workload 0915952b...: PASSED | 12.695 µs (0.012695 ms) | 1572.21x speedup | abs_err=3.81e-06, rel_err=4.42e-02
  Workload d38dde79...: PASSED | 12.766 µs (0.012766 ms) | 1602.82x speedup | abs_err=1.43e-06, rel_err=1.14e-01
  Workload 388f79b1...: PASSED | 12.518 µs (0.012518 ms) | 1597.59x speedup | abs_err=2.38e-07, rel_err=7.75e-03
  Workload 80288532...: PASSED | 12.740 µs (0.012740 ms) | 1581.63x speedup | abs_err=1.91e-06, rel_err=2.22e-02
  Workload 773a4157...: PASSED | 12.425 µs (0.012425 ms) | 1610.09x speedup | abs_err=4.77e-07, rel_err=8.68e-03
  Workload 53385c7f...: PASSED | 15.748 µs (0.015748 ms) | 1888.64x speedup | abs_err=3.81e-06, rel_err=2.21e-02
  Workload 45e7697a...: PASSED | 15.465 µs (0.015465 ms) | 1942.26x speedup | abs_err=4.77e-07, rel_err=5.15e-03
  Workload 34403e5b...: PASSED | 15.584 µs (0.015584 ms) | 1915.25x speedup | abs_err=9.54e-07, rel_err=2.66e-02
  Workload b91cc4aa...: PASSED | 15.612 µs (0.015612 ms) | 1920.20x speedup | abs_err=4.17e-07, rel_err=3.36e-01
  Workload 4c38f0e4...: PASSED | 15.987 µs (0.015987 ms) | 1887.85x speedup | abs_err=3.05e-05, rel_err=5.76e-02
  Workload be91d78c...: PASSED | 15.859 µs (0.015859 ms) | 1911.64x speedup | abs_err=1.91e-06, rel_err=1.30e-01
  Workload 3803367a...: PASSED | 15.691 µs (0.015691 ms) | 1929.48x speedup | abs_err=7.63e-06, rel_err=1.37e-02
  Workload eaf0a285...: PASSED | 23.968 µs (0.023968 ms) | 1648.90x speedup | abs_err=1.91e-06, rel_err=3.11e-02
  Workload f4fd2171...: PASSED | 23.497 µs (0.023497 ms) | 1689.75x speedup | abs_err=3.81e-06, rel_err=7.47e-03
  Workload b1931bc6...: PASSED | 23.697 µs (0.023697 ms) | 1713.45x speedup | abs_err=9.54e-07, rel_err=2.52e-02
  Workload 8d0c5789...: PASSED | 23.447 µs (0.023447 ms) | 1713.31x speedup | abs_err=9.54e-07, rel_err=7.01e-03
  Workload 9eef9bc7...: PASSED | 24.367 µs (0.024367 ms) | 1646.29x speedup | abs_err=2.38e-07, rel_err=4.27e-02
  Workload 58571e49...: PASSED | 24.004 µs (0.024004 ms) | 1683.52x speedup | abs_err=3.58e-07, rel_err=1.02e-01
  Workload ef2cf980...: PASSED | 23.746 µs (0.023746 ms) | 1691.22x speedup | abs_err=3.81e-06, rel_err=3.44e-02
  Workload 42963acb...: PASSED | 23.947 µs (0.023947 ms) | 1687.23x speedup | abs_err=7.63e-06, rel_err=3.97e-01
[2026-04-24T03:24:56] Local entrypoint finished in 265.53s
Stopping app - local entrypoint completed.
✓ App completed. View run at 
https://modal.com/apps/kjms2026/main/ap-EzONItzNZg1kUn1NaoC7r7
