✓ Initialized. View run at 
https://modal.com/apps/kjms2026/main/ap-K55dw8WU45xAJuZnpv3XJg
✓ Created objects.
├── 🔨 Created mount /Users/jaewoo/SAIT/FlashInfer 
│   Challenge/mlsys26-final-decode/scripts/run_modal.py
└── 🔨 Created function run_benchmark.
[2026-04-24T02:10:11] Packing solution from source files...
Solution packed: /Users/jaewoo/SAIT/FlashInfer Challenge/mlsys26-final-decode/solution.json
  Name: gdn-decode-v2
  Definition: gdn_decode_qk4_v8_d128_k_last
  Author: MSInfer
  Config language: cuda
  Runtime language: python
  Source files: ['kernel.cu', 'decode_submit_entry.py']
[2026-04-24T02:10:11] Validating solution JSON...
[2026-04-24T02:10:11] Loaded solution gdn-decode-v2 (gdn_decode_qk4_v8_d128_k_last) in 0.01s
[2026-04-24T02:10:11] Dispatching benchmark to Modal B200...

==========
== CUDA ==
==========

CUDA Version 13.0.2

Container image Copyright (c) 2016-2023, NVIDIA CORPORATION & AFFILIATES. All rights reserved.

This container image and its contents are governed by the NVIDIA Deep Learning Container License.
By pulling and using the container, you accept the terms and conditions of this license:
https://developer.nvidia.com/ngc/nvidia-deep-learning-container-license

A copy of this license is made available in this container at /NGC-DL-CONTAINER-LICENSE for your convenience.

[2026-04-23T17:10:39] Remote benchmark start: solution=gdn-decode-v2, definition=gdn_decode_qk4_v8_d128_k_last
[2026-04-23T17:10:39] BenchmarkConfig(warmup_runs=1, iterations=5, num_trials=3)
[2026-04-23T17:10:39] Decode path mode=auto
[2026-04-23T17:10:39] Loading trace set from /data/data/mlsys26-contest
[2026-04-23T17:10:39] Loaded trace set in 0.49s
[2026-04-23T17:10:39] Running benchmark across 54 workloads
[2026-04-23T17:14:35] Benchmark completed in 235.96s
[2026-04-23T17:14:35] Decode paths observed: unavailable (external target only or no wrapper logging)
[2026-04-24T02:14:35] Received benchmark results in 264.34s

gdn_decode_qk4_v8_d128_k_last:
  workloads: 54
  status counts: PASSED=54
  avg latency: 13.378 µs (0.013378 ms)
  avg speedup: 934.62x
  worst abs error: 3.05e-05
  worst rel error: 3.97e-01
  Workload 901e5104...: PASSED | 9.444 µs (0.009444 ms) | 98.91x speedup | abs_err=5.96e-08, rel_err=3.43e-03
  Workload a5714b69...: PASSED | 10.029 µs (0.010029 ms) | 73.34x speedup | abs_err=5.96e-08, rel_err=2.18e-02
  Workload 3daa0974...: PASSED | 9.852 µs (0.009852 ms) | 75.63x speedup | abs_err=1.49e-08, rel_err=3.87e-03
  Workload 22d5cef5...: PASSED | 10.012 µs (0.010012 ms) | 73.68x speedup | abs_err=8.94e-08, rel_err=9.47e-03
  Workload aed4bdd4...: PASSED | 9.717 µs (0.009717 ms) | 75.58x speedup | abs_err=1.49e-08, rel_err=4.13e-03
  Workload 49a125e5...: PASSED | 9.444 µs (0.009444 ms) | 78.16x speedup | abs_err=7.45e-08, rel_err=3.51e-03
  Workload 798635cf...: PASSED | 9.658 µs (0.009658 ms) | 76.66x speedup | abs_err=5.96e-08, rel_err=1.87e-03
  Workload 5716e24a...: PASSED | 9.598 µs (0.009598 ms) | 76.71x speedup | abs_err=2.53e-07, rel_err=8.51e-04
  Workload 4c7df22f...: PASSED | 9.675 µs (0.009675 ms) | 77.23x speedup | abs_err=2.38e-07, rel_err=2.91e-02
  Workload d0e91dea...: PASSED | 9.894 µs (0.009894 ms) | 74.42x speedup | abs_err=2.98e-08, rel_err=2.05e-03
  Workload ec9d2340...: PASSED | 9.730 µs (0.009730 ms) | 263.79x speedup | abs_err=1.19e-07, rel_err=5.89e-03
  Workload 9f238670...: PASSED | 9.668 µs (0.009668 ms) | 267.95x speedup | abs_err=1.49e-08, rel_err=2.93e-03
  Workload 6d929bff...: PASSED | 9.943 µs (0.009943 ms) | 259.11x speedup | abs_err=2.38e-07, rel_err=1.05e-02
  Workload 494844dc...: PASSED | 9.566 µs (0.009566 ms) | 274.57x speedup | abs_err=2.98e-08, rel_err=4.29e-03
  Workload 26f760ab...: PASSED | 9.705 µs (0.009705 ms) | 268.25x speedup | abs_err=7.45e-08, rel_err=5.81e-03
  Workload deecf42e...: PASSED | 9.705 µs (0.009705 ms) | 264.64x speedup | abs_err=1.19e-07, rel_err=1.31e-02
  Workload 9a92acbc...: PASSED | 10.150 µs (0.010150 ms) | 257.43x speedup | abs_err=7.45e-08, rel_err=5.94e-03
  Workload fa90b213...: PASSED | 9.451 µs (0.009451 ms) | 276.93x speedup | abs_err=1.43e-06, rel_err=1.14e-01
  Workload 2640f1e3...: PASSED | 9.553 µs (0.009553 ms) | 540.28x speedup | abs_err=1.19e-07, rel_err=3.64e-03
  Workload 7464a1d6...: PASSED | 9.660 µs (0.009660 ms) | 528.14x speedup | abs_err=9.54e-07, rel_err=6.25e-03
  Workload 25d1f606...: PASSED | 9.777 µs (0.009777 ms) | 525.32x speedup | abs_err=2.98e-08, rel_err=2.82e-03
  Workload fe2e6584...: PASSED | 9.903 µs (0.009903 ms) | 516.82x speedup | abs_err=1.79e-07, rel_err=1.02e-02
  Workload ca62112d...: PASSED | 9.696 µs (0.009696 ms) | 529.86x speedup | abs_err=2.98e-08, rel_err=3.79e-03
  Workload 61dfd334...: PASSED | 11.166 µs (0.011166 ms) | 459.40x speedup | abs_err=3.81e-06, rel_err=7.63e-03
  Workload abec5d32...: PASSED | 9.231 µs (0.009231 ms) | 616.12x speedup | abs_err=1.19e-07, rel_err=2.02e-02
  Workload 76eec66d...: PASSED | 11.366 µs (0.011366 ms) | 894.20x speedup | abs_err=2.38e-07, rel_err=6.35e-02
  Workload f0507025...: PASSED | 12.617 µs (0.012617 ms) | 911.62x speedup | abs_err=1.04e-06, rel_err=3.34e-02
  Workload d1508f6d...: PASSED | 10.377 µs (0.010377 ms) | 1091.75x speedup | abs_err=1.19e-07, rel_err=1.47e-02
  Workload 63d4cb66...: PASSED | 10.878 µs (0.010878 ms) | 1037.24x speedup | abs_err=1.79e-07, rel_err=1.76e-02
  Workload ef6bb01d...: PASSED | 10.244 µs (0.010244 ms) | 1040.65x speedup | abs_err=1.19e-07, rel_err=7.04e-03
  Workload d0acf04a...: PASSED | 10.054 µs (0.010054 ms) | 1055.41x speedup | abs_err=7.63e-06, rel_err=1.44e-02
  Workload ac83f1e4...: PASSED | 10.234 µs (0.010234 ms) | 983.35x speedup | abs_err=2.38e-07, rel_err=5.99e-03
  Workload a8c8beff...: PASSED | 12.606 µs (0.012606 ms) | 1580.55x speedup | abs_err=1.19e-07, rel_err=6.00e-03
  Workload 40940a4c...: PASSED | 12.397 µs (0.012397 ms) | 1607.28x speedup | abs_err=4.77e-07, rel_err=4.23e-02
  Workload 0915952b...: PASSED | 12.367 µs (0.012367 ms) | 1599.23x speedup | abs_err=3.81e-06, rel_err=4.42e-02
  Workload d38dde79...: PASSED | 12.813 µs (0.012813 ms) | 1569.83x speedup | abs_err=1.43e-06, rel_err=1.14e-01
  Workload 388f79b1...: PASSED | 12.228 µs (0.012228 ms) | 1624.92x speedup | abs_err=2.38e-07, rel_err=7.75e-03
  Workload 80288532...: PASSED | 12.977 µs (0.012977 ms) | 1688.84x speedup | abs_err=1.91e-06, rel_err=2.22e-02
  Workload 773a4157...: PASSED | 12.418 µs (0.012418 ms) | 1628.90x speedup | abs_err=4.77e-07, rel_err=8.68e-03
  Workload 53385c7f...: PASSED | 15.831 µs (0.015831 ms) | 1865.16x speedup | abs_err=3.81e-06, rel_err=2.21e-02
  Workload 45e7697a...: PASSED | 16.220 µs (0.016220 ms) | 1829.57x speedup | abs_err=4.77e-07, rel_err=5.15e-03
  Workload 34403e5b...: PASSED | 16.354 µs (0.016354 ms) | 1821.68x speedup | abs_err=9.54e-07, rel_err=2.66e-02
  Workload b91cc4aa...: PASSED | 15.810 µs (0.015810 ms) | 1868.80x speedup | abs_err=4.17e-07, rel_err=3.36e-01
  Workload 4c38f0e4...: PASSED | 15.456 µs (0.015456 ms) | 1903.92x speedup | abs_err=3.05e-05, rel_err=5.76e-02
  Workload be91d78c...: PASSED | 15.859 µs (0.015859 ms) | 1862.28x speedup | abs_err=1.91e-06, rel_err=1.30e-01
  Workload 3803367a...: PASSED | 15.375 µs (0.015375 ms) | 1916.94x speedup | abs_err=7.63e-06, rel_err=1.37e-02
  Workload eaf0a285...: PASSED | 25.606 µs (0.025606 ms) | 1545.77x speedup | abs_err=1.91e-06, rel_err=3.11e-02
  Workload f4fd2171...: PASSED | 25.483 µs (0.025483 ms) | 1556.45x speedup | abs_err=3.81e-06, rel_err=7.47e-03
  Workload b1931bc6...: PASSED | 25.540 µs (0.025540 ms) | 1553.01x speedup | abs_err=9.54e-07, rel_err=2.52e-02
  Workload 8d0c5789...: PASSED | 25.404 µs (0.025404 ms) | 1557.04x speedup | abs_err=9.54e-07, rel_err=7.01e-03
  Workload 9eef9bc7...: PASSED | 25.291 µs (0.025291 ms) | 1575.76x speedup | abs_err=2.38e-07, rel_err=4.27e-02
  Workload 58571e49...: PASSED | 25.534 µs (0.025534 ms) | 1558.27x speedup | abs_err=3.58e-07, rel_err=1.02e-01
  Workload ef2cf980...: PASSED | 25.254 µs (0.025254 ms) | 1575.35x speedup | abs_err=3.81e-06, rel_err=3.44e-02
  Workload 42963acb...: PASSED | 25.615 µs (0.025615 ms) | 1536.74x speedup | abs_err=7.63e-06, rel_err=3.97e-01
[2026-04-24T02:14:35] Local entrypoint finished in 264.36s
Stopping app - local entrypoint completed.
[2026-04-23T17:14:35] Remote benchmark finished in 236.45s
✓ App completed. View run at 
https://modal.com/apps/kjms2026/main/ap-K55dw8WU45xAJuZnpv3XJg
