✓ Initialized. View run at 
https://modal.com/apps/kjms2026/main/ap-LC8aoN0p49MiVCmjsIo38S
✓ Created objects.
├── 🔨 Created mount /Users/jaewoo/SAIT/FlashInfer 
│   Challenge/mlsys26-final-decode/scripts/run_modal.py
└── 🔨 Created function run_benchmark.
[2026-04-24T02:45:19] Packing solution from source files...
Solution packed: /Users/jaewoo/SAIT/FlashInfer Challenge/mlsys26-final-decode/solution.json
  Name: gdn-decode-v2
  Definition: gdn_decode_qk4_v8_d128_k_last
  Author: MSInfer
  Config language: cuda
  Runtime language: python
  Source files: ['kernel.cu', 'decode_submit_entry.py']
[2026-04-24T02:45:19] Validating solution JSON...
[2026-04-24T02:45:19] Loaded solution gdn-decode-v2 (gdn_decode_qk4_v8_d128_k_last) in 0.01s
[2026-04-24T02:45:19] Dispatching benchmark to Modal B200...

==========
== CUDA ==
==========

CUDA Version 13.0.2

Container image Copyright (c) 2016-2023, NVIDIA CORPORATION & AFFILIATES. All rights reserved.

This container image and its contents are governed by the NVIDIA Deep Learning Container License.
By pulling and using the container, you accept the terms and conditions of this license:
https://developer.nvidia.com/ngc/nvidia-deep-learning-container-license

A copy of this license is made available in this container at /NGC-DL-CONTAINER-LICENSE for your convenience.

[2026-04-23T17:45:35] Remote benchmark start: solution=gdn-decode-v2, definition=gdn_decode_qk4_v8_d128_k_last
[2026-04-23T17:45:35] BenchmarkConfig(warmup_runs=1, iterations=5, num_trials=3)
[2026-04-23T17:45:35] Decode path mode=auto
[2026-04-23T17:45:35] Loading trace set from /data/data/mlsys26-contest
[2026-04-23T17:45:36] Loaded trace set in 0.96s
[2026-04-23T17:45:36] Running benchmark across 54 workloads
[2026-04-23T17:51:11] Benchmark completed in 334.50s
[2026-04-23T17:51:11] Decode paths observed: unavailable (external target only or no wrapper logging)
[2026-04-24T02:51:11] Received benchmark results in 351.49s

gdn_decode_qk4_v8_d128_k_last:
  workloads: 54
  status counts: PASSED=54
  avg latency: 17.512 µs (0.017512 ms)
  avg speedup: 1188.23x
  worst abs error: 3.05e-05
  worst rel error: 3.97e-01
  Workload 901e5104...: PASSED | 14.889 µs (0.014889 ms) | 86.07x speedup | abs_err=5.96e-08, rel_err=3.43e-03
  Workload a5714b69...: PASSED | 13.813 µs (0.013813 ms) | 95.16x speedup | abs_err=5.96e-08, rel_err=2.18e-02
  Workload 3daa0974...: PASSED | 13.948 µs (0.013948 ms) | 97.20x speedup | abs_err=1.49e-08, rel_err=3.87e-03
  Workload 22d5cef5...: PASSED | 13.378 µs (0.013378 ms) | 95.53x speedup | abs_err=8.94e-08, rel_err=9.47e-03
  Workload aed4bdd4...: PASSED | 13.359 µs (0.013359 ms) | 92.35x speedup | abs_err=1.49e-08, rel_err=4.13e-03
  Workload 49a125e5...: PASSED | 13.015 µs (0.013015 ms) | 93.72x speedup | abs_err=7.45e-08, rel_err=3.51e-03
  Workload 798635cf...: PASSED | 14.236 µs (0.014236 ms) | 88.81x speedup | abs_err=5.96e-08, rel_err=1.87e-03
  Workload 5716e24a...: PASSED | 14.601 µs (0.014601 ms) | 81.63x speedup | abs_err=2.53e-07, rel_err=8.51e-04
  Workload 4c7df22f...: PASSED | 12.619 µs (0.012619 ms) | 94.27x speedup | abs_err=2.38e-07, rel_err=2.91e-02
  Workload d0e91dea...: PASSED | 13.626 µs (0.013626 ms) | 89.61x speedup | abs_err=2.98e-08, rel_err=2.05e-03
  Workload ec9d2340...: PASSED | 13.609 µs (0.013609 ms) | 312.82x speedup | abs_err=1.19e-07, rel_err=5.89e-03
  Workload 9f238670...: PASSED | 13.809 µs (0.013809 ms) | 310.66x speedup | abs_err=1.49e-08, rel_err=2.93e-03
  Workload 6d929bff...: PASSED | 14.067 µs (0.014067 ms) | 303.95x speedup | abs_err=2.38e-07, rel_err=1.05e-02
  Workload 494844dc...: PASSED | 14.323 µs (0.014323 ms) | 296.81x speedup | abs_err=2.98e-08, rel_err=4.29e-03
  Workload 26f760ab...: PASSED | 14.295 µs (0.014295 ms) | 302.57x speedup | abs_err=7.45e-08, rel_err=5.81e-03
  Workload deecf42e...: PASSED | 13.734 µs (0.013734 ms) | 289.82x speedup | abs_err=1.19e-07, rel_err=1.31e-02
  Workload 9a92acbc...: PASSED | 13.604 µs (0.013604 ms) | 319.45x speedup | abs_err=7.45e-08, rel_err=5.94e-03
  Workload fa90b213...: PASSED | 13.423 µs (0.013423 ms) | 324.79x speedup | abs_err=1.43e-06, rel_err=1.14e-01
  Workload 2640f1e3...: PASSED | 13.214 µs (0.013214 ms) | 641.21x speedup | abs_err=1.19e-07, rel_err=3.64e-03
  Workload 7464a1d6...: PASSED | 13.139 µs (0.013139 ms) | 638.97x speedup | abs_err=9.54e-07, rel_err=6.25e-03
  Workload 25d1f606...: PASSED | 13.487 µs (0.013487 ms) | 618.66x speedup | abs_err=2.98e-08, rel_err=2.82e-03
  Workload fe2e6584...: PASSED | 14.353 µs (0.014353 ms) | 568.45x speedup | abs_err=1.79e-07, rel_err=1.02e-02
  Workload ca62112d...: PASSED | 13.809 µs (0.013809 ms) | 606.73x speedup | abs_err=2.98e-08, rel_err=3.79e-03
  Workload 61dfd334...: PASSED | 14.944 µs (0.014944 ms) | 569.64x speedup | abs_err=3.81e-06, rel_err=7.63e-03
  Workload abec5d32...: PASSED | 13.722 µs (0.013722 ms) | 649.70x speedup | abs_err=1.19e-07, rel_err=2.02e-02
  Workload 76eec66d...: PASSED | 13.754 µs (0.013754 ms) | 1171.15x speedup | abs_err=2.38e-07, rel_err=6.35e-02
  Workload f0507025...: PASSED | 14.187 µs (0.014187 ms) | 1157.47x speedup | abs_err=1.04e-06, rel_err=3.34e-02
  Workload d1508f6d...: PASSED | 13.941 µs (0.013941 ms) | 1145.30x speedup | abs_err=1.19e-07, rel_err=1.47e-02
  Workload 63d4cb66...: PASSED | 12.966 µs (0.012966 ms) | 1266.21x speedup | abs_err=1.79e-07, rel_err=1.76e-02
  Workload ef6bb01d...: PASSED | 14.078 µs (0.014078 ms) | 1184.14x speedup | abs_err=1.19e-07, rel_err=7.04e-03
  Workload d0acf04a...: PASSED | 13.474 µs (0.013474 ms) | 1212.22x speedup | abs_err=7.63e-06, rel_err=1.44e-02
  Workload ac83f1e4...: PASSED | 13.239 µs (0.013239 ms) | 1220.28x speedup | abs_err=2.38e-07, rel_err=5.99e-03
  Workload a8c8beff...: PASSED | 15.554 µs (0.015554 ms) | 2125.25x speedup | abs_err=1.19e-07, rel_err=6.00e-03
  Workload 40940a4c...: PASSED | 14.460 µs (0.014460 ms) | 2126.85x speedup | abs_err=4.77e-07, rel_err=4.23e-02
  Workload 0915952b...: PASSED | 15.002 µs (0.015002 ms) | 2200.29x speedup | abs_err=3.81e-06, rel_err=4.42e-02
  Workload d38dde79...: PASSED | 14.842 µs (0.014842 ms) | 2217.93x speedup | abs_err=1.43e-06, rel_err=1.14e-01
  Workload 388f79b1...: PASSED | 15.012 µs (0.015012 ms) | 2155.42x speedup | abs_err=2.38e-07, rel_err=7.75e-03
  Workload 80288532...: PASSED | 15.115 µs (0.015115 ms) | 2178.20x speedup | abs_err=1.91e-06, rel_err=2.22e-02
  Workload 773a4157...: PASSED | 15.247 µs (0.015247 ms) | 2169.35x speedup | abs_err=4.77e-07, rel_err=8.68e-03
  Workload 53385c7f...: PASSED | 20.555 µs (0.020555 ms) | 2407.52x speedup | abs_err=3.81e-06, rel_err=2.21e-02
  Workload 45e7697a...: PASSED | 20.416 µs (0.020416 ms) | 2389.62x speedup | abs_err=4.77e-07, rel_err=5.15e-03
  Workload 34403e5b...: PASSED | 21.018 µs (0.021018 ms) | 2272.88x speedup | abs_err=9.54e-07, rel_err=2.66e-02
  Workload b91cc4aa...: PASSED | 20.446 µs (0.020446 ms) | 2333.32x speedup | abs_err=4.17e-07, rel_err=3.36e-01
  Workload 4c38f0e4...: PASSED | 21.188 µs (0.021188 ms) | 2313.83x speedup | abs_err=3.05e-05, rel_err=5.76e-02
  Workload be91d78c...: PASSED | 20.559 µs (0.020559 ms) | 2454.61x speedup | abs_err=1.91e-06, rel_err=1.30e-01
  Workload 3803367a...: PASSED | 20.591 µs (0.020591 ms) | 2277.60x speedup | abs_err=7.63e-06, rel_err=1.37e-02
  Workload eaf0a285...: PASSED | 31.475 µs (0.031475 ms) | 2024.74x speedup | abs_err=1.91e-06, rel_err=3.11e-02
  Workload f4fd2171...: PASSED | 31.494 µs (0.031494 ms) | 2072.90x speedup | abs_err=3.81e-06, rel_err=7.47e-03
  Workload b1931bc6...: PASSED | 32.149 µs (0.032149 ms) | 2045.43x speedup | abs_err=9.54e-07, rel_err=2.52e-02
  Workload 8d0c5789...: PASSED | 31.753 µs (0.031753 ms) | 2078.05x speedup | abs_err=9.54e-07, rel_err=7.01e-03
  Workload 9eef9bc7...: PASSED | 32.162 µs (0.032162 ms) | 2180.72x speedup | abs_err=2.38e-07, rel_err=4.27e-02
  Workload 58571e49...: PASSED | 32.341 µs (0.032341 ms) | 2130.65x speedup | abs_err=3.58e-07, rel_err=1.02e-01
  Workload ef2cf980...: PASSED | 31.831 µs (0.031831 ms) | 1965.76x speedup | abs_err=3.81e-06, rel_err=3.44e-02
  Workload 42963acb...: PASSED | 31.774 µs (0.031774 ms) | 2017.95x speedup | abs_err=7.63e-06, rel_err=3.97e-01
[2026-04-24T02:51:11] Local entrypoint finished in 351.50s
[2026-04-23T17:51:11] Remote benchmark finished in 335.45s
Stopping app - local entrypoint completed.
✓ App completed. View run at 
https://modal.com/apps/kjms2026/main/ap-LC8aoN0p49MiVCmjsIo38S
