✓ Initialized. View run at 
https://modal.com/apps/kjms2026/main/ap-s8bbz2rOEMPBPyKMOzd7SG
✓ Created objects.
├── 🔨 Created mount /Users/jaewoo/SAIT/FlashInfer 
│   Challenge/mlsys26-final-decode/scripts/run_modal.py
└── 🔨 Created function run_benchmark.
[2026-04-24T02:19:30] Packing solution from source files...
Solution packed: /Users/jaewoo/SAIT/FlashInfer Challenge/mlsys26-final-decode/solution.json
  Name: gdn-decode-v2
  Definition: gdn_decode_qk4_v8_d128_k_last
  Author: MSInfer
  Config language: cuda
  Runtime language: python
  Source files: ['kernel.cu', 'decode_submit_entry.py']
[2026-04-24T02:19:30] Validating solution JSON...
[2026-04-24T02:19:30] Loaded solution gdn-decode-v2 (gdn_decode_qk4_v8_d128_k_last) in 0.02s
[2026-04-24T02:19:30] Dispatching benchmark to Modal B200...

==========
== CUDA ==
==========

CUDA Version 13.0.2

Container image Copyright (c) 2016-2023, NVIDIA CORPORATION & AFFILIATES. All rights reserved.

This container image and its contents are governed by the NVIDIA Deep Learning Container License.
By pulling and using the container, you accept the terms and conditions of this license:
https://developer.nvidia.com/ngc/nvidia-deep-learning-container-license

A copy of this license is made available in this container at /NGC-DL-CONTAINER-LICENSE for your convenience.

[2026-04-23T17:19:40] Remote benchmark start: solution=gdn-decode-v2, definition=gdn_decode_qk4_v8_d128_k_last
[2026-04-23T17:19:40] BenchmarkConfig(warmup_runs=1, iterations=5, num_trials=3)
[2026-04-23T17:19:40] Decode path mode=auto
[2026-04-23T17:19:40] Loading trace set from /data/data/mlsys26-contest
[2026-04-23T17:19:41] Loaded trace set in 0.22s
[2026-04-23T17:19:41] Running benchmark across 54 workloads
[2026-04-24T02:23:25] Received benchmark results in 234.27s

gdn_decode_qk4_v8_d128_k_last:
  workloads: 54
  status counts: PASSED=54
  avg latency: 13.244 µs (0.013244 ms)
  avg speedup: 947.58x
  worst abs error: 3.05e-05
  worst rel error: 3.97e-01
  Workload 901e5104...: PASSED | 9.515 µs (0.009515 ms) | 80.34x speedup | abs_err=5.96e-08, rel_err=3.43e-03
  Workload a5714b69...: PASSED | 9.451 µs (0.009451 ms) | 79.54x speedup | abs_err=5.96e-08, rel_err=2.18e-02
  Workload 3daa0974...: PASSED | 9.675 µs (0.009675 ms) | 78.50x speedup | abs_err=1.49e-08, rel_err=3.87e-03
  Workload 22d5cef5...: PASSED | 9.489 µs (0.009489 ms) | 79.15x speedup | abs_err=8.94e-08, rel_err=9.47e-03
  Workload aed4bdd4...: PASSED | 9.542 µs (0.009542 ms) | 77.95x speedup | abs_err=1.49e-08, rel_err=4.13e-03
  Workload 49a125e5...: PASSED | 9.540 µs (0.009540 ms) | 78.70x speedup | abs_err=7.45e-08, rel_err=3.51e-03
  Workload 798635cf...: PASSED | 9.645 µs (0.009645 ms) | 78.70x speedup | abs_err=5.96e-08, rel_err=1.87e-03
  Workload 5716e24a...: PASSED | 9.685 µs (0.009685 ms) | 77.90x speedup | abs_err=2.53e-07, rel_err=8.51e-04
  Workload 4c7df22f...: PASSED | 9.617 µs (0.009617 ms) | 78.30x speedup | abs_err=2.38e-07, rel_err=2.91e-02
  Workload d0e91dea...: PASSED | 9.346 µs (0.009346 ms) | 81.53x speedup | abs_err=2.98e-08, rel_err=2.05e-03
  Workload ec9d2340...: PASSED | 9.737 µs (0.009737 ms) | 268.34x speedup | abs_err=1.19e-07, rel_err=5.89e-03
  Workload 9f238670...: PASSED | 9.724 µs (0.009724 ms) | 272.88x speedup | abs_err=1.49e-08, rel_err=2.93e-03
  Workload 6d929bff...: PASSED | 9.628 µs (0.009628 ms) | 277.70x speedup | abs_err=2.38e-07, rel_err=1.05e-02
  Workload 494844dc...: PASSED | 10.065 µs (0.010065 ms) | 262.92x speedup | abs_err=2.98e-08, rel_err=4.29e-03
  Workload 26f760ab...: PASSED | 9.798 µs (0.009798 ms) | 269.19x speedup | abs_err=7.45e-08, rel_err=5.81e-03
  Workload deecf42e...: PASSED | 9.760 µs (0.009760 ms) | 271.51x speedup | abs_err=1.19e-07, rel_err=1.31e-02
  Workload 9a92acbc...: PASSED | 9.918 µs (0.009918 ms) | 272.00x speedup | abs_err=7.45e-08, rel_err=5.94e-03
  Workload fa90b213...: PASSED | 9.687 µs (0.009687 ms) | 275.42x speedup | abs_err=1.43e-06, rel_err=1.14e-01
  Workload 2640f1e3...: PASSED | 9.741 µs (0.009741 ms) | 532.56x speedup | abs_err=1.19e-07, rel_err=3.64e-03
  Workload 7464a1d6...: PASSED | 9.504 µs (0.009504 ms) | 548.26x speedup | abs_err=9.54e-07, rel_err=6.25e-03
  Workload 25d1f606...: PASSED | 9.638 µs (0.009638 ms) | 545.98x speedup | abs_err=2.98e-08, rel_err=2.82e-03
  Workload fe2e6584...: PASSED | 9.521 µs (0.009521 ms) | 549.54x speedup | abs_err=1.79e-07, rel_err=1.02e-02
  Workload ca62112d...: PASSED | 9.655 µs (0.009655 ms) | 532.29x speedup | abs_err=2.98e-08, rel_err=3.79e-03
  Workload 61dfd334...: PASSED | 9.978 µs (0.009978 ms) | 524.13x speedup | abs_err=3.81e-06, rel_err=7.63e-03
  Workload abec5d32...: PASSED | 9.357 µs (0.009357 ms) | 556.35x speedup | abs_err=1.19e-07, rel_err=2.02e-02
  Workload 76eec66d...: PASSED | 10.626 µs (0.010626 ms) | 963.83x speedup | abs_err=2.38e-07, rel_err=6.35e-02
  Workload f0507025...: PASSED | 10.317 µs (0.010317 ms) | 1000.61x speedup | abs_err=1.04e-06, rel_err=3.34e-02
  Workload d1508f6d...: PASSED | 10.112 µs (0.010112 ms) | 1014.97x speedup | abs_err=1.19e-07, rel_err=1.47e-02
  Workload 63d4cb66...: PASSED | 10.112 µs (0.010112 ms) | 1023.06x speedup | abs_err=1.79e-07, rel_err=1.76e-02
  Workload ef6bb01d...: PASSED | 9.973 µs (0.009973 ms) | 1029.96x speedup | abs_err=1.19e-07, rel_err=7.04e-03
  Workload d0acf04a...: PASSED | 10.095 µs (0.010095 ms) | 1021.31x speedup | abs_err=7.63e-06, rel_err=1.44e-02
  Workload ac83f1e4...: PASSED | 10.005 µs (0.010005 ms) | 1028.22x speedup | abs_err=2.38e-07, rel_err=5.99e-03
  Workload a8c8beff...: PASSED | 12.465 µs (0.012465 ms) | 1620.05x speedup | abs_err=1.19e-07, rel_err=6.00e-03
  Workload 40940a4c...: PASSED | 13.188 µs (0.013188 ms) | 1553.23x speedup | abs_err=4.77e-07, rel_err=4.23e-02
  Workload 0915952b...: PASSED | 12.218 µs (0.012218 ms) | 1674.52x speedup | abs_err=3.81e-06, rel_err=4.42e-02
  Workload d38dde79...: PASSED | 12.753 µs (0.012753 ms) | 1605.71x speedup | abs_err=1.43e-06, rel_err=1.14e-01
  Workload 388f79b1...: PASSED | 12.757 µs (0.012757 ms) | 1591.01x speedup | abs_err=2.38e-07, rel_err=7.75e-03
  Workload 80288532...: PASSED | 12.937 µs (0.012937 ms) | 1571.83x speedup | abs_err=1.91e-06, rel_err=2.22e-02
  Workload 773a4157...: PASSED | 12.809 µs (0.012809 ms) | 1598.52x speedup | abs_err=4.77e-07, rel_err=8.68e-03
  Workload 53385c7f...: PASSED | 15.861 µs (0.015861 ms) | 1900.65x speedup | abs_err=3.81e-06, rel_err=2.21e-02
  Workload 45e7697a...: PASSED | 16.077 µs (0.016077 ms) | 1902.20x speedup | abs_err=4.77e-07, rel_err=5.15e-03
  Workload 34403e5b...: PASSED | 15.381 µs (0.015381 ms) | 1964.28x speedup | abs_err=9.54e-07, rel_err=2.66e-02
  Workload b91cc4aa...: PASSED | 15.985 µs (0.015985 ms) | 1885.26x speedup | abs_err=4.17e-07, rel_err=3.36e-01
  Workload 4c38f0e4...: PASSED | 16.318 µs (0.016318 ms) | 1860.58x speedup | abs_err=3.05e-05, rel_err=5.76e-02
  Workload be91d78c...: PASSED | 15.637 µs (0.015637 ms) | 1934.80x speedup | abs_err=1.91e-06, rel_err=1.30e-01
  Workload 3803367a...: PASSED | 15.582 µs (0.015582 ms) | 1944.71x speedup | abs_err=7.63e-06, rel_err=1.37e-02
  Workload eaf0a285...: PASSED | 25.579 µs (0.025579 ms) | 1573.41x speedup | abs_err=1.91e-06, rel_err=3.11e-02
  Workload f4fd2171...: PASSED | 25.361 µs (0.025361 ms) | 1600.53x speedup | abs_err=3.81e-06, rel_err=7.47e-03
  Workload b1931bc6...: PASSED | 25.254 µs (0.025254 ms) | 1590.84x speedup | abs_err=9.54e-07, rel_err=2.52e-02
  Workload 8d0c5789...: PASSED | 25.335 µs (0.025335 ms) | 1600.51x speedup | abs_err=9.54e-07, rel_err=7.01e-03
  Workload 9eef9bc7...: PASSED | 25.257 µs (0.025257 ms) | 1611.54x speedup | abs_err=2.38e-07, rel_err=4.27e-02
  Workload 58571e49...: PASSED | 25.553 µs (0.025553 ms) | 1564.31x speedup | abs_err=3.58e-07, rel_err=1.02e-01
  Workload ef2cf980...: PASSED | 25.385 µs (0.025385 ms) | 1587.33x speedup | abs_err=3.81e-06, rel_err=3.44e-02
  Workload 42963acb...: PASSED | 25.037 µs (0.025037 ms) | 1601.85x speedup | abs_err=7.63e-06, rel_err=3.97e-01
[2026-04-24T02:23:25] Local entrypoint finished in 234.28s
[2026-04-23T17:23:24] Benchmark completed in 223.81s
[2026-04-23T17:23:24] Decode paths observed: unavailable (external target only or no wrapper logging)
[2026-04-23T17:23:24] Remote benchmark finished in 224.03s
Stopping app - local entrypoint completed.
✓ App completed. View run at 
https://modal.com/apps/kjms2026/main/ap-s8bbz2rOEMPBPyKMOzd7SG
