✓ Initialized. View run at 
https://modal.com/apps/kjms2026/main/ap-z4aeyp8o3SgprPNy3AjtV8
✓ Created objects.
├── 🔨 Created mount /Users/jaewoo/SAIT/FlashInfer 
│   Challenge/mlsys26-final-decode/scripts/run_modal.py
└── 🔨 Created function run_benchmark.
[2026-04-24T02:05:46] Packing solution from source files...
Solution packed: /Users/jaewoo/SAIT/FlashInfer Challenge/mlsys26-final-decode/solution.json
  Name: gdn-decode-v2
  Definition: gdn_decode_qk4_v8_d128_k_last
  Author: MSInfer
  Config language: cuda
  Runtime language: python
  Source files: ['kernel.cu', 'decode_submit_entry.py']
[2026-04-24T02:05:46] Validating solution JSON...
[2026-04-24T02:05:46] Loaded solution gdn-decode-v2 (gdn_decode_qk4_v8_d128_k_last) in 0.01s
[2026-04-24T02:05:46] Dispatching benchmark to Modal B200...

==========
== CUDA ==
==========

CUDA Version 13.0.2

Container image Copyright (c) 2016-2023, NVIDIA CORPORATION & AFFILIATES. All rights reserved.

This container image and its contents are governed by the NVIDIA Deep Learning Container License.
By pulling and using the container, you accept the terms and conditions of this license:
https://developer.nvidia.com/ngc/nvidia-deep-learning-container-license

A copy of this license is made available in this container at /NGC-DL-CONTAINER-LICENSE for your convenience.

[2026-04-23T17:05:59] Remote benchmark start: solution=gdn-decode-v2, definition=gdn_decode_qk4_v8_d128_k_last
[2026-04-23T17:05:59] BenchmarkConfig(warmup_runs=1, iterations=5, num_trials=3)
[2026-04-23T17:05:59] Decode path mode=auto
[2026-04-23T17:05:59] Loading trace set from /data/data/mlsys26-contest
[2026-04-23T17:06:00] Loaded trace set in 0.47s
[2026-04-23T17:06:00] Running benchmark across 54 workloads
[2026-04-23T17:09:46] Benchmark completed in 226.50s
[2026-04-23T17:09:46] Decode paths observed: unavailable (external target only or no wrapper logging)
[2026-04-23T17:09:46] Remote benchmark finished in 226.97s
[2026-04-24T02:09:46] Received benchmark results in 240.55s

gdn_decode_qk4_v8_d128_k_last:
  workloads: 54
  status counts: PASSED=54
  avg latency: 12.954 µs (0.012954 ms)
  avg speedup: 889.36x
  worst abs error: 3.05e-05
  worst rel error: 3.97e-01
  Workload 901e5104...: PASSED | 9.103 µs (0.009103 ms) | 77.10x speedup | abs_err=5.96e-08, rel_err=3.43e-03
  Workload a5714b69...: PASSED | 9.005 µs (0.009005 ms) | 77.06x speedup | abs_err=5.96e-08, rel_err=2.18e-02
  Workload 3daa0974...: PASSED | 9.035 µs (0.009035 ms) | 75.86x speedup | abs_err=1.49e-08, rel_err=3.87e-03
  Workload 22d5cef5...: PASSED | 9.141 µs (0.009141 ms) | 75.64x speedup | abs_err=8.94e-08, rel_err=9.47e-03
  Workload aed4bdd4...: PASSED | 9.013 µs (0.009013 ms) | 76.43x speedup | abs_err=1.49e-08, rel_err=4.13e-03
  Workload 49a125e5...: PASSED | 9.148 µs (0.009148 ms) | 75.55x speedup | abs_err=7.45e-08, rel_err=3.51e-03
  Workload 798635cf...: PASSED | 9.124 µs (0.009124 ms) | 76.06x speedup | abs_err=5.96e-08, rel_err=1.87e-03
  Workload 5716e24a...: PASSED | 8.971 µs (0.008971 ms) | 76.46x speedup | abs_err=2.53e-07, rel_err=8.51e-04
  Workload 4c7df22f...: PASSED | 8.642 µs (0.008642 ms) | 80.25x speedup | abs_err=2.38e-07, rel_err=2.91e-02
  Workload d0e91dea...: PASSED | 8.986 µs (0.008986 ms) | 77.04x speedup | abs_err=2.98e-08, rel_err=2.05e-03
  Workload ec9d2340...: PASSED | 9.047 µs (0.009047 ms) | 266.01x speedup | abs_err=1.19e-07, rel_err=5.89e-03
  Workload 9f238670...: PASSED | 9.154 µs (0.009154 ms) | 265.27x speedup | abs_err=1.49e-08, rel_err=2.93e-03
  Workload 6d929bff...: PASSED | 9.263 µs (0.009263 ms) | 263.47x speedup | abs_err=2.38e-07, rel_err=1.05e-02
  Workload 494844dc...: PASSED | 8.973 µs (0.008973 ms) | 272.75x speedup | abs_err=2.98e-08, rel_err=4.29e-03
  Workload 26f760ab...: PASSED | 9.094 µs (0.009094 ms) | 266.44x speedup | abs_err=7.45e-08, rel_err=5.81e-03
  Workload deecf42e...: PASSED | 9.805 µs (0.009805 ms) | 247.88x speedup | abs_err=1.19e-07, rel_err=1.31e-02
  Workload 9a92acbc...: PASSED | 9.073 µs (0.009073 ms) | 267.26x speedup | abs_err=7.45e-08, rel_err=5.94e-03
  Workload fa90b213...: PASSED | 9.741 µs (0.009741 ms) | 251.68x speedup | abs_err=1.43e-06, rel_err=1.14e-01
  Workload 2640f1e3...: PASSED | 9.156 µs (0.009156 ms) | 515.22x speedup | abs_err=1.19e-07, rel_err=3.64e-03
  Workload 7464a1d6...: PASSED | 9.103 µs (0.009103 ms) | 523.32x speedup | abs_err=9.54e-07, rel_err=6.25e-03
  Workload 25d1f606...: PASSED | 9.131 µs (0.009131 ms) | 516.63x speedup | abs_err=2.98e-08, rel_err=2.82e-03
  Workload fe2e6584...: PASSED | 8.966 µs (0.008966 ms) | 537.63x speedup | abs_err=1.79e-07, rel_err=1.02e-02
  Workload ca62112d...: PASSED | 9.141 µs (0.009141 ms) | 513.38x speedup | abs_err=2.98e-08, rel_err=3.79e-03
  Workload 61dfd334...: PASSED | 9.284 µs (0.009284 ms) | 518.48x speedup | abs_err=3.81e-06, rel_err=7.63e-03
  Workload abec5d32...: PASSED | 9.045 µs (0.009045 ms) | 528.15x speedup | abs_err=1.19e-07, rel_err=2.02e-02
  Workload 76eec66d...: PASSED | 10.001 µs (0.010001 ms) | 941.59x speedup | abs_err=2.38e-07, rel_err=6.35e-02
  Workload f0507025...: PASSED | 10.037 µs (0.010037 ms) | 934.24x speedup | abs_err=1.04e-06, rel_err=3.34e-02
  Workload d1508f6d...: PASSED | 10.048 µs (0.010048 ms) | 948.45x speedup | abs_err=1.19e-07, rel_err=1.47e-02
  Workload 63d4cb66...: PASSED | 10.261 µs (0.010261 ms) | 917.72x speedup | abs_err=1.79e-07, rel_err=1.76e-02
  Workload ef6bb01d...: PASSED | 10.133 µs (0.010133 ms) | 927.57x speedup | abs_err=1.19e-07, rel_err=7.04e-03
  Workload d0acf04a...: PASSED | 10.187 µs (0.010187 ms) | 919.11x speedup | abs_err=7.63e-06, rel_err=1.44e-02
  Workload ac83f1e4...: PASSED | 10.031 µs (0.010031 ms) | 926.51x speedup | abs_err=2.38e-07, rel_err=5.99e-03
  Workload a8c8beff...: PASSED | 12.230 µs (0.012230 ms) | 1512.67x speedup | abs_err=1.19e-07, rel_err=6.00e-03
  Workload 40940a4c...: PASSED | 12.339 µs (0.012339 ms) | 1517.83x speedup | abs_err=4.77e-07, rel_err=4.23e-02
  Workload 0915952b...: PASSED | 12.269 µs (0.012269 ms) | 1528.59x speedup | abs_err=3.81e-06, rel_err=4.42e-02
  Workload d38dde79...: PASSED | 12.873 µs (0.012873 ms) | 1465.45x speedup | abs_err=1.43e-06, rel_err=1.14e-01
  Workload 388f79b1...: PASSED | 12.348 µs (0.012348 ms) | 1508.92x speedup | abs_err=2.38e-07, rel_err=7.75e-03
  Workload 80288532...: PASSED | 12.422 µs (0.012422 ms) | 1509.29x speedup | abs_err=1.91e-06, rel_err=2.22e-02
  Workload 773a4157...: PASSED | 12.173 µs (0.012173 ms) | 1537.21x speedup | abs_err=4.77e-07, rel_err=8.68e-03
  Workload 53385c7f...: PASSED | 15.644 µs (0.015644 ms) | 1770.79x speedup | abs_err=3.81e-06, rel_err=2.21e-02
  Workload 45e7697a...: PASSED | 15.428 µs (0.015428 ms) | 1812.12x speedup | abs_err=4.77e-07, rel_err=5.15e-03
  Workload 34403e5b...: PASSED | 15.341 µs (0.015341 ms) | 1822.54x speedup | abs_err=9.54e-07, rel_err=2.66e-02
  Workload b91cc4aa...: PASSED | 15.439 µs (0.015439 ms) | 1807.96x speedup | abs_err=4.17e-07, rel_err=3.36e-01
  Workload 4c38f0e4...: PASSED | 15.531 µs (0.015531 ms) | 1792.33x speedup | abs_err=3.05e-05, rel_err=5.76e-02
  Workload be91d78c...: PASSED | 15.443 µs (0.015443 ms) | 1796.94x speedup | abs_err=1.91e-06, rel_err=1.30e-01
  Workload 3803367a...: PASSED | 15.635 µs (0.015635 ms) | 1774.47x speedup | abs_err=7.63e-06, rel_err=1.37e-02
  Workload eaf0a285...: PASSED | 25.133 µs (0.025133 ms) | 1641.02x speedup | abs_err=1.91e-06, rel_err=3.11e-02
  Workload f4fd2171...: PASSED | 25.568 µs (0.025568 ms) | 1534.53x speedup | abs_err=3.81e-06, rel_err=7.47e-03
  Workload b1931bc6...: PASSED | 26.577 µs (0.026577 ms) | 1388.49x speedup | abs_err=9.54e-07, rel_err=2.52e-02
  Workload 8d0c5789...: PASSED | 25.444 µs (0.025444 ms) | 1468.18x speedup | abs_err=9.54e-07, rel_err=7.01e-03
  Workload 9eef9bc7...: PASSED | 25.681 µs (0.025681 ms) | 1451.59x speedup | abs_err=2.38e-07, rel_err=4.27e-02
  Workload 58571e49...: PASSED | 26.033 µs (0.026033 ms) | 1440.43x speedup | abs_err=3.58e-07, rel_err=1.02e-01
  Workload ef2cf980...: PASSED | 25.745 µs (0.025745 ms) | 1439.30x speedup | abs_err=3.81e-06, rel_err=3.44e-02
  Workload 42963acb...: PASSED | 25.395 µs (0.025395 ms) | 1468.61x speedup | abs_err=7.63e-06, rel_err=3.97e-01
[2026-04-24T02:09:46] Local entrypoint finished in 240.56s
Stopping app - local entrypoint completed.
✓ App completed. View run at 
https://modal.com/apps/kjms2026/main/ap-z4aeyp8o3SgprPNy3AjtV8
