✓ Initialized. View run at 
https://modal.com/apps/kjms2026/main/ap-rk3pTaaEXr2SHojCQ8v0A3
✓ Created objects.
├── 🔨 Created mount /Users/jaewoo/SAIT/FlashInfer 
│   Challenge/mlsys26-final-decode/scripts/run_modal.py
└── 🔨 Created function run_benchmark.
[2026-04-24T01:35:40] Packing solution from source files...
Solution packed: /Users/jaewoo/SAIT/FlashInfer Challenge/mlsys26-final-decode/solution.json
  Name: gdn-decode-v2
  Definition: gdn_decode_qk4_v8_d128_k_last
  Author: MSInfer
  Config language: cuda
  Runtime language: python
  Source files: ['kernel.cu', 'decode_submit_entry.py']
[2026-04-24T01:35:40] Validating solution JSON...
[2026-04-24T01:35:40] Loaded solution gdn-decode-v2 (gdn_decode_qk4_v8_d128_k_last) in 0.01s
[2026-04-24T01:35:40] Dispatching benchmark to Modal B200...

==========
== CUDA ==
==========

CUDA Version 13.0.2

Container image Copyright (c) 2016-2023, NVIDIA CORPORATION & AFFILIATES. All rights reserved.

This container image and its contents are governed by the NVIDIA Deep Learning Container License.
By pulling and using the container, you accept the terms and conditions of this license:
https://developer.nvidia.com/ngc/nvidia-deep-learning-container-license

A copy of this license is made available in this container at /NGC-DL-CONTAINER-LICENSE for your convenience.

[2026-04-23T16:36:05] Remote benchmark start: solution=gdn-decode-v2, definition=gdn_decode_qk4_v8_d128_k_last
[2026-04-23T16:36:05] BenchmarkConfig(warmup_runs=1, iterations=5, num_trials=3)
[2026-04-23T16:36:05] Decode path mode=auto
[2026-04-23T16:36:05] Loading trace set from /data/data/mlsys26-contest
[2026-04-23T16:36:05] Loaded trace set in 0.54s
[2026-04-23T16:36:05] Running benchmark across 54 workloads
[2026-04-23T16:39:50] Benchmark completed in 224.47s
[2026-04-23T16:39:50] Decode paths observed: unavailable (external target only or no wrapper logging)
[2026-04-24T01:39:50] Received benchmark results in 250.19s

gdn_decode_qk4_v8_d128_k_last:
  workloads: 54
  status counts: PASSED=54
  avg latency: 12.920 µs (0.012920 ms)
  avg speedup: 950.02x
  worst abs error: 3.05e-05
  worst rel error: 3.97e-01
  Workload 901e5104...: PASSED | 9.434 µs (0.009434 ms) | 77.88x speedup | abs_err=5.96e-08, rel_err=3.43e-03
  Workload a5714b69...: PASSED | 9.399 µs (0.009399 ms) | 76.65x speedup | abs_err=5.96e-08, rel_err=2.18e-02
  Workload 3daa0974...: PASSED | 9.606 µs (0.009606 ms) | 77.42x speedup | abs_err=1.49e-08, rel_err=3.87e-03
  Workload 22d5cef5...: PASSED | 9.325 µs (0.009325 ms) | 77.26x speedup | abs_err=8.94e-08, rel_err=9.47e-03
  Workload aed4bdd4...: PASSED | 9.449 µs (0.009449 ms) | 77.25x speedup | abs_err=1.49e-08, rel_err=4.13e-03
  Workload 49a125e5...: PASSED | 9.845 µs (0.009845 ms) | 74.08x speedup | abs_err=7.45e-08, rel_err=3.51e-03
  Workload 798635cf...: PASSED | 9.474 µs (0.009474 ms) | 76.85x speedup | abs_err=5.96e-08, rel_err=1.87e-03
  Workload 5716e24a...: PASSED | 9.553 µs (0.009553 ms) | 75.73x speedup | abs_err=2.53e-07, rel_err=8.51e-04
  Workload 4c7df22f...: PASSED | 9.353 µs (0.009353 ms) | 77.30x speedup | abs_err=2.38e-07, rel_err=2.91e-02
  Workload d0e91dea...: PASSED | 9.824 µs (0.009824 ms) | 73.60x speedup | abs_err=2.98e-08, rel_err=2.05e-03
  Workload ec9d2340...: PASSED | 9.879 µs (0.009879 ms) | 255.67x speedup | abs_err=1.19e-07, rel_err=5.89e-03
  Workload 9f238670...: PASSED | 9.660 µs (0.009660 ms) | 264.25x speedup | abs_err=1.49e-08, rel_err=2.93e-03
  Workload 6d929bff...: PASSED | 9.786 µs (0.009786 ms) | 260.47x speedup | abs_err=2.38e-07, rel_err=1.05e-02
  Workload 494844dc...: PASSED | 9.651 µs (0.009651 ms) | 264.10x speedup | abs_err=2.98e-08, rel_err=4.29e-03
  Workload 26f760ab...: PASSED | 9.114 µs (0.009114 ms) | 280.13x speedup | abs_err=7.45e-08, rel_err=5.81e-03
  Workload deecf42e...: PASSED | 9.440 µs (0.009440 ms) | 267.33x speedup | abs_err=1.19e-07, rel_err=1.31e-02
  Workload 9a92acbc...: PASSED | 9.370 µs (0.009370 ms) | 270.68x speedup | abs_err=7.45e-08, rel_err=5.94e-03
  Workload fa90b213...: PASSED | 9.626 µs (0.009626 ms) | 265.54x speedup | abs_err=1.43e-06, rel_err=1.14e-01
  Workload 2640f1e3...: PASSED | 9.741 µs (0.009741 ms) | 514.52x speedup | abs_err=1.19e-07, rel_err=3.64e-03
  Workload 7464a1d6...: PASSED | 9.442 µs (0.009442 ms) | 620.44x speedup | abs_err=9.54e-07, rel_err=6.25e-03
  Workload 25d1f606...: PASSED | 9.515 µs (0.009515 ms) | 521.92x speedup | abs_err=2.98e-08, rel_err=2.82e-03
  Workload fe2e6584...: PASSED | 9.536 µs (0.009536 ms) | 518.95x speedup | abs_err=1.79e-07, rel_err=1.02e-02
  Workload ca62112d...: PASSED | 9.519 µs (0.009519 ms) | 524.95x speedup | abs_err=2.98e-08, rel_err=3.79e-03
  Workload 61dfd334...: PASSED | 9.562 µs (0.009562 ms) | 521.45x speedup | abs_err=3.81e-06, rel_err=7.63e-03
  Workload abec5d32...: PASSED | 9.651 µs (0.009651 ms) | 520.78x speedup | abs_err=1.19e-07, rel_err=2.02e-02
  Workload 76eec66d...: PASSED | 10.129 µs (0.010129 ms) | 963.91x speedup | abs_err=2.38e-07, rel_err=6.35e-02
  Workload f0507025...: PASSED | 10.364 µs (0.010364 ms) | 957.00x speedup | abs_err=1.04e-06, rel_err=3.34e-02
  Workload d1508f6d...: PASSED | 10.263 µs (0.010263 ms) | 960.71x speedup | abs_err=1.19e-07, rel_err=1.47e-02
  Workload 63d4cb66...: PASSED | 10.404 µs (0.010404 ms) | 943.22x speedup | abs_err=1.79e-07, rel_err=1.76e-02
  Workload ef6bb01d...: PASSED | 10.123 µs (0.010123 ms) | 966.18x speedup | abs_err=1.19e-07, rel_err=7.04e-03
  Workload d0acf04a...: PASSED | 10.219 µs (0.010219 ms) | 957.13x speedup | abs_err=7.63e-06, rel_err=1.44e-02
  Workload ac83f1e4...: PASSED | 10.234 µs (0.010234 ms) | 947.36x speedup | abs_err=2.38e-07, rel_err=5.99e-03
  Workload a8c8beff...: PASSED | 11.307 µs (0.011307 ms) | 1721.29x speedup | abs_err=1.19e-07, rel_err=6.00e-03
  Workload 40940a4c...: PASSED | 11.663 µs (0.011663 ms) | 1673.40x speedup | abs_err=4.77e-07, rel_err=4.23e-02
  Workload 0915952b...: PASSED | 11.317 µs (0.011317 ms) | 1714.89x speedup | abs_err=3.81e-06, rel_err=4.42e-02
  Workload d38dde79...: PASSED | 11.514 µs (0.011514 ms) | 1711.98x speedup | abs_err=1.43e-06, rel_err=1.14e-01
  Workload 388f79b1...: PASSED | 11.543 µs (0.011543 ms) | 1686.49x speedup | abs_err=2.38e-07, rel_err=7.75e-03
  Workload 80288532...: PASSED | 11.582 µs (0.011582 ms) | 1692.46x speedup | abs_err=1.91e-06, rel_err=2.22e-02
  Workload 773a4157...: PASSED | 11.861 µs (0.011861 ms) | 1632.78x speedup | abs_err=4.77e-07, rel_err=8.68e-03
  Workload 53385c7f...: PASSED | 15.394 µs (0.015394 ms) | 1912.33x speedup | abs_err=3.81e-06, rel_err=2.21e-02
  Workload 45e7697a...: PASSED | 15.390 µs (0.015390 ms) | 1998.53x speedup | abs_err=4.77e-07, rel_err=5.15e-03
  Workload 34403e5b...: PASSED | 16.117 µs (0.016117 ms) | 1799.89x speedup | abs_err=9.54e-07, rel_err=2.66e-02
  Workload b91cc4aa...: PASSED | 15.535 µs (0.015535 ms) | 1882.93x speedup | abs_err=4.17e-07, rel_err=3.36e-01
  Workload 4c38f0e4...: PASSED | 15.635 µs (0.015635 ms) | 1849.95x speedup | abs_err=3.05e-05, rel_err=5.76e-02
  Workload be91d78c...: PASSED | 15.505 µs (0.015505 ms) | 1961.86x speedup | abs_err=1.91e-06, rel_err=1.30e-01
  Workload 3803367a...: PASSED | 15.588 µs (0.015588 ms) | 1926.51x speedup | abs_err=7.63e-06, rel_err=1.37e-02
  Workload eaf0a285...: PASSED | 24.457 µs (0.024457 ms) | 1630.06x speedup | abs_err=1.91e-06, rel_err=3.11e-02
  Workload f4fd2171...: PASSED | 25.099 µs (0.025099 ms) | 1557.83x speedup | abs_err=3.81e-06, rel_err=7.47e-03
  Workload b1931bc6...: PASSED | 24.201 µs (0.024201 ms) | 1607.24x speedup | abs_err=9.54e-07, rel_err=2.52e-02
  Workload 8d0c5789...: PASSED | 24.599 µs (0.024599 ms) | 1738.12x speedup | abs_err=9.54e-07, rel_err=7.01e-03
  Workload 9eef9bc7...: PASSED | 24.751 µs (0.024751 ms) | 1585.20x speedup | abs_err=2.38e-07, rel_err=4.27e-02
  Workload 58571e49...: PASSED | 24.785 µs (0.024785 ms) | 1561.81x speedup | abs_err=3.58e-07, rel_err=1.02e-01
  Workload ef2cf980...: PASSED | 24.681 µs (0.024681 ms) | 1562.11x speedup | abs_err=3.81e-06, rel_err=3.44e-02
  Workload 42963acb...: PASSED | 24.661 µs (0.024661 ms) | 1562.55x speedup | abs_err=7.63e-06, rel_err=3.97e-01
[2026-04-24T01:39:50] Local entrypoint finished in 250.21s
[2026-04-23T16:39:50] Remote benchmark finished in 225.00s
Stopping app - local entrypoint completed.
[modal-client] 2026-04-24T01:40:00+0900 Timed out waiting for final app logs.
✓ App completed. View run at 
https://modal.com/apps/kjms2026/main/ap-rk3pTaaEXr2SHojCQ8v0A3
