✓ Initialized. View run at 
https://modal.com/apps/kjms2026/main/ap-NHJ715R32MsOuEbvvbdCpe
✓ Created objects.
├── 🔨 Created mount /Users/jaewoo/SAIT/FlashInfer 
│   Challenge/mlsys26-final-decode/scripts/run_modal.py
└── 🔨 Created function run_benchmark.
[2026-04-24T02:39:28] Packing solution from source files...
Solution packed: /Users/jaewoo/SAIT/FlashInfer Challenge/mlsys26-final-decode/solution.json
  Name: gdn-decode-v2
  Definition: gdn_decode_qk4_v8_d128_k_last
  Author: MSInfer
  Config language: cuda
  Runtime language: python
  Source files: ['kernel.cu', 'decode_submit_entry.py']
[2026-04-24T02:39:28] Validating solution JSON...
[2026-04-24T02:39:28] Loaded solution gdn-decode-v2 (gdn_decode_qk4_v8_d128_k_last) in 0.01s
[2026-04-24T02:39:28] Dispatching benchmark to Modal B200...

==========
== CUDA ==
==========

CUDA Version 13.0.2

Container image Copyright (c) 2016-2023, NVIDIA CORPORATION & AFFILIATES. All rights reserved.

This container image and its contents are governed by the NVIDIA Deep Learning Container License.
By pulling and using the container, you accept the terms and conditions of this license:
https://developer.nvidia.com/ngc/nvidia-deep-learning-container-license

A copy of this license is made available in this container at /NGC-DL-CONTAINER-LICENSE for your convenience.

[2026-04-23T17:39:47] Remote benchmark start: solution=gdn-decode-v2, definition=gdn_decode_qk4_v8_d128_k_last
[2026-04-23T17:39:47] BenchmarkConfig(warmup_runs=1, iterations=5, num_trials=3)
[2026-04-23T17:39:47] Decode path mode=auto
[2026-04-23T17:39:47] Loading trace set from /data/data/mlsys26-contest
[2026-04-23T17:39:47] Loaded trace set in 0.52s
[2026-04-23T17:39:47] Running benchmark across 54 workloads
[2026-04-23T17:43:38] Benchmark completed in 231.17s
[2026-04-23T17:43:38] Decode paths observed: unavailable (external target only or no wrapper logging)
[2026-04-23T17:43:38] Remote benchmark finished in 231.69s
[2026-04-24T02:43:39] Received benchmark results in 251.00s

gdn_decode_qk4_v8_d128_k_last:
  workloads: 54
  status counts: PASSED=54
  avg latency: 14.014 µs (0.014014 ms)
  avg speedup: 874.11x
  worst abs error: 3.05e-05
  worst rel error: 3.97e-01
  Workload 901e5104...: PASSED | 9.662 µs (0.009662 ms) | 77.90x speedup | abs_err=5.96e-08, rel_err=3.43e-03
  Workload a5714b69...: PASSED | 9.434 µs (0.009434 ms) | 77.91x speedup | abs_err=5.96e-08, rel_err=2.18e-02
  Workload 3daa0974...: PASSED | 9.564 µs (0.009564 ms) | 76.68x speedup | abs_err=1.49e-08, rel_err=3.87e-03
  Workload 22d5cef5...: PASSED | 9.600 µs (0.009600 ms) | 78.17x speedup | abs_err=8.94e-08, rel_err=9.47e-03
  Workload aed4bdd4...: PASSED | 9.254 µs (0.009254 ms) | 79.86x speedup | abs_err=1.49e-08, rel_err=4.13e-03
  Workload 49a125e5...: PASSED | 9.387 µs (0.009387 ms) | 78.88x speedup | abs_err=7.45e-08, rel_err=3.51e-03
  Workload 798635cf...: PASSED | 9.133 µs (0.009133 ms) | 81.50x speedup | abs_err=5.96e-08, rel_err=1.87e-03
  Workload 5716e24a...: PASSED | 9.570 µs (0.009570 ms) | 77.69x speedup | abs_err=2.53e-07, rel_err=8.51e-04
  Workload 4c7df22f...: PASSED | 9.417 µs (0.009417 ms) | 78.64x speedup | abs_err=2.38e-07, rel_err=2.91e-02
  Workload d0e91dea...: PASSED | 9.120 µs (0.009120 ms) | 80.48x speedup | abs_err=2.98e-08, rel_err=2.05e-03
  Workload ec9d2340...: PASSED | 9.214 µs (0.009214 ms) | 285.38x speedup | abs_err=1.19e-07, rel_err=5.89e-03
  Workload 9f238670...: PASSED | 9.380 µs (0.009380 ms) | 277.81x speedup | abs_err=1.49e-08, rel_err=2.93e-03
  Workload 6d929bff...: PASSED | 9.323 µs (0.009323 ms) | 277.97x speedup | abs_err=2.38e-07, rel_err=1.05e-02
  Workload 494844dc...: PASSED | 9.935 µs (0.009935 ms) | 260.18x speedup | abs_err=2.98e-08, rel_err=4.29e-03
  Workload 26f760ab...: PASSED | 9.463 µs (0.009463 ms) | 278.18x speedup | abs_err=7.45e-08, rel_err=5.81e-03
  Workload deecf42e...: PASSED | 9.346 µs (0.009346 ms) | 279.17x speedup | abs_err=1.19e-07, rel_err=1.31e-02
  Workload 9a92acbc...: PASSED | 9.596 µs (0.009596 ms) | 270.69x speedup | abs_err=7.45e-08, rel_err=5.94e-03
  Workload fa90b213...: PASSED | 9.378 µs (0.009378 ms) | 280.29x speedup | abs_err=1.43e-06, rel_err=1.14e-01
  Workload 2640f1e3...: PASSED | 9.457 µs (0.009457 ms) | 545.72x speedup | abs_err=1.19e-07, rel_err=3.64e-03
  Workload 7464a1d6...: PASSED | 9.956 µs (0.009956 ms) | 516.63x speedup | abs_err=9.54e-07, rel_err=6.25e-03
  Workload 25d1f606...: PASSED | 9.284 µs (0.009284 ms) | 552.06x speedup | abs_err=2.98e-08, rel_err=2.82e-03
  Workload fe2e6584...: PASSED | 9.999 µs (0.009999 ms) | 513.06x speedup | abs_err=1.79e-07, rel_err=1.02e-02
  Workload ca62112d...: PASSED | 9.229 µs (0.009229 ms) | 556.03x speedup | abs_err=2.98e-08, rel_err=3.79e-03
  Workload 61dfd334...: PASSED | 9.340 µs (0.009340 ms) | 551.40x speedup | abs_err=3.81e-06, rel_err=7.63e-03
  Workload abec5d32...: PASSED | 9.510 µs (0.009510 ms) | 535.69x speedup | abs_err=1.19e-07, rel_err=2.02e-02
  Workload 76eec66d...: PASSED | 10.340 µs (0.010340 ms) | 982.15x speedup | abs_err=2.38e-07, rel_err=6.35e-02
  Workload f0507025...: PASSED | 10.251 µs (0.010251 ms) | 992.66x speedup | abs_err=1.04e-06, rel_err=3.34e-02
  Workload d1508f6d...: PASSED | 10.624 µs (0.010624 ms) | 1069.15x speedup | abs_err=1.19e-07, rel_err=1.47e-02
  Workload 63d4cb66...: PASSED | 10.468 µs (0.010468 ms) | 957.43x speedup | abs_err=1.79e-07, rel_err=1.76e-02
  Workload ef6bb01d...: PASSED | 10.268 µs (0.010268 ms) | 984.64x speedup | abs_err=1.19e-07, rel_err=7.04e-03
  Workload d0acf04a...: PASSED | 10.355 µs (0.010355 ms) | 974.78x speedup | abs_err=7.63e-06, rel_err=1.44e-02
  Workload ac83f1e4...: PASSED | 10.558 µs (0.010558 ms) | 964.57x speedup | abs_err=2.38e-07, rel_err=5.99e-03
  Workload a8c8beff...: PASSED | 12.915 µs (0.012915 ms) | 1537.18x speedup | abs_err=1.19e-07, rel_err=6.00e-03
  Workload 40940a4c...: PASSED | 12.710 µs (0.012710 ms) | 1596.17x speedup | abs_err=4.77e-07, rel_err=4.23e-02
  Workload 0915952b...: PASSED | 12.937 µs (0.012937 ms) | 1562.00x speedup | abs_err=3.81e-06, rel_err=4.42e-02
  Workload d38dde79...: PASSED | 12.887 µs (0.012887 ms) | 1546.08x speedup | abs_err=1.43e-06, rel_err=1.14e-01
  Workload 388f79b1...: PASSED | 12.836 µs (0.012836 ms) | 1565.81x speedup | abs_err=2.38e-07, rel_err=7.75e-03
  Workload 80288532...: PASSED | 14.481 µs (0.014481 ms) | 1379.16x speedup | abs_err=1.91e-06, rel_err=2.22e-02
  Workload 773a4157...: PASSED | 13.391 µs (0.013391 ms) | 1491.98x speedup | abs_err=4.77e-07, rel_err=8.68e-03
  Workload 53385c7f...: PASSED | 17.788 µs (0.017788 ms) | 1672.56x speedup | abs_err=3.81e-06, rel_err=2.21e-02
  Workload 45e7697a...: PASSED | 17.952 µs (0.017952 ms) | 1660.65x speedup | abs_err=4.77e-07, rel_err=5.15e-03
  Workload 34403e5b...: PASSED | 17.698 µs (0.017698 ms) | 1699.33x speedup | abs_err=9.54e-07, rel_err=2.66e-02
  Workload b91cc4aa...: PASSED | 17.790 µs (0.017790 ms) | 1686.94x speedup | abs_err=4.17e-07, rel_err=3.36e-01
  Workload 4c38f0e4...: PASSED | 17.583 µs (0.017583 ms) | 1702.25x speedup | abs_err=3.05e-05, rel_err=5.76e-02
  Workload be91d78c...: PASSED | 17.579 µs (0.017579 ms) | 1696.22x speedup | abs_err=1.91e-06, rel_err=1.30e-01
  Workload 3803367a...: PASSED | 17.820 µs (0.017820 ms) | 1683.38x speedup | abs_err=7.63e-06, rel_err=1.37e-02
  Workload eaf0a285...: PASSED | 30.310 µs (0.030310 ms) | 1313.01x speedup | abs_err=1.91e-06, rel_err=3.11e-02
  Workload f4fd2171...: PASSED | 29.154 µs (0.029154 ms) | 1357.57x speedup | abs_err=3.81e-06, rel_err=7.47e-03
  Workload b1931bc6...: PASSED | 28.395 µs (0.028395 ms) | 1405.95x speedup | abs_err=9.54e-07, rel_err=2.52e-02
  Workload 8d0c5789...: PASSED | 28.570 µs (0.028570 ms) | 1386.69x speedup | abs_err=9.54e-07, rel_err=7.01e-03
  Workload 9eef9bc7...: PASSED | 28.444 µs (0.028444 ms) | 1392.96x speedup | abs_err=2.38e-07, rel_err=4.27e-02
  Workload 58571e49...: PASSED | 28.570 µs (0.028570 ms) | 1391.57x speedup | abs_err=3.58e-07, rel_err=1.02e-01
  Workload ef2cf980...: PASSED | 29.105 µs (0.029105 ms) | 1370.54x speedup | abs_err=3.81e-06, rel_err=3.44e-02
  Workload 42963acb...: PASSED | 28.446 µs (0.028446 ms) | 1410.85x speedup | abs_err=7.63e-06, rel_err=3.97e-01
[2026-04-24T02:43:39] Local entrypoint finished in 251.02s
Stopping app - local entrypoint completed.
✓ App completed. View run at 
https://modal.com/apps/kjms2026/main/ap-NHJ715R32MsOuEbvvbdCpe
