✓ Initialized. View run at 
https://modal.com/apps/kjms2026/main/ap-tdIa2d4D6qo3KI6v0OH5Ws
✓ Created objects.
├── 🔨 Created mount /Users/jaewoo/SAIT/FlashInfer 
│   Challenge/mlsys26-final-decode/scripts/run_modal.py
└── 🔨 Created function run_benchmark.
[2026-04-24T03:06:10] Packing solution from source files...
Solution packed: /Users/jaewoo/SAIT/FlashInfer Challenge/mlsys26-final-decode/solution.json
  Name: gdn-decode-v2
  Definition: gdn_decode_qk4_v8_d128_k_last
  Author: MSInfer
  Config language: cuda
  Runtime language: python
  Source files: ['kernel.cu', 'decode_submit_entry.py']
[2026-04-24T03:06:10] Validating solution JSON...
[2026-04-24T03:06:10] Loaded solution gdn-decode-v2 (gdn_decode_qk4_v8_d128_k_last) in 0.01s
[2026-04-24T03:06:10] Dispatching benchmark to Modal B200...

==========
== CUDA ==
==========

CUDA Version 13.0.2

Container image Copyright (c) 2016-2023, NVIDIA CORPORATION & AFFILIATES. All rights reserved.

This container image and its contents are governed by the NVIDIA Deep Learning Container License.
By pulling and using the container, you accept the terms and conditions of this license:
https://developer.nvidia.com/ngc/nvidia-deep-learning-container-license

A copy of this license is made available in this container at /NGC-DL-CONTAINER-LICENSE for your convenience.

[2026-04-23T18:06:31] Remote benchmark start: solution=gdn-decode-v2, definition=gdn_decode_qk4_v8_d128_k_last
[2026-04-23T18:06:31] BenchmarkConfig(warmup_runs=1, iterations=5, num_trials=3)
[2026-04-23T18:06:31] Decode path mode=auto
[2026-04-23T18:06:31] Loading trace set from /data/data/mlsys26-contest
[2026-04-23T18:06:32] Loaded trace set in 0.24s
[2026-04-23T18:06:32] Running benchmark across 54 workloads
[2026-04-23T18:10:53] Benchmark completed in 260.95s
[2026-04-24T03:10:53] Received benchmark results in 283.08s

gdn_decode_qk4_v8_d128_k_last:
  workloads: 54
  status counts: PASSED=54
  avg latency: 13.124 µs (0.013124 ms)
  avg speedup: 957.70x
  worst abs error: 3.05e-05
  worst rel error: 3.97e-01
  Workload 901e5104...: PASSED | 9.589 µs (0.009589 ms) | 78.42x speedup | abs_err=5.96e-08, rel_err=3.43e-03
  Workload a5714b69...: PASSED | 9.536 µs (0.009536 ms) | 78.60x speedup | abs_err=5.96e-08, rel_err=2.18e-02
  Workload 3daa0974...: PASSED | 9.779 µs (0.009779 ms) | 76.84x speedup | abs_err=1.49e-08, rel_err=3.87e-03
  Workload 22d5cef5...: PASSED | 10.707 µs (0.010707 ms) | 69.07x speedup | abs_err=8.94e-08, rel_err=9.47e-03
  Workload aed4bdd4...: PASSED | 10.101 µs (0.010101 ms) | 73.39x speedup | abs_err=1.49e-08, rel_err=4.13e-03
  Workload 49a125e5...: PASSED | 9.453 µs (0.009453 ms) | 77.96x speedup | abs_err=7.45e-08, rel_err=3.51e-03
  Workload 798635cf...: PASSED | 9.577 µs (0.009577 ms) | 77.48x speedup | abs_err=5.96e-08, rel_err=1.87e-03
  Workload 5716e24a...: PASSED | 9.997 µs (0.009997 ms) | 74.42x speedup | abs_err=2.53e-07, rel_err=8.51e-04
  Workload 4c7df22f...: PASSED | 9.532 µs (0.009532 ms) | 77.67x speedup | abs_err=2.38e-07, rel_err=2.91e-02
  Workload d0e91dea...: PASSED | 9.545 µs (0.009545 ms) | 78.48x speedup | abs_err=2.98e-08, rel_err=2.05e-03
  Workload ec9d2340...: PASSED | 9.734 µs (0.009734 ms) | 269.03x speedup | abs_err=1.19e-07, rel_err=5.89e-03
  Workload 9f238670...: PASSED | 9.869 µs (0.009869 ms) | 266.58x speedup | abs_err=1.49e-08, rel_err=2.93e-03
  Workload 6d929bff...: PASSED | 10.500 µs (0.010500 ms) | 254.57x speedup | abs_err=2.38e-07, rel_err=1.05e-02
  Workload 494844dc...: PASSED | 9.737 µs (0.009737 ms) | 269.54x speedup | abs_err=2.98e-08, rel_err=4.29e-03
  Workload 26f760ab...: PASSED | 9.559 µs (0.009559 ms) | 273.00x speedup | abs_err=7.45e-08, rel_err=5.81e-03
  Workload deecf42e...: PASSED | 9.634 µs (0.009634 ms) | 270.49x speedup | abs_err=1.19e-07, rel_err=1.31e-02
  Workload 9a92acbc...: PASSED | 9.687 µs (0.009687 ms) | 270.15x speedup | abs_err=7.45e-08, rel_err=5.94e-03
  Workload fa90b213...: PASSED | 8.909 µs (0.008909 ms) | 297.52x speedup | abs_err=1.43e-06, rel_err=1.14e-01
  Workload 2640f1e3...: PASSED | 9.660 µs (0.009660 ms) | 527.32x speedup | abs_err=1.19e-07, rel_err=3.64e-03
  Workload 7464a1d6...: PASSED | 9.517 µs (0.009517 ms) | 538.65x speedup | abs_err=9.54e-07, rel_err=6.25e-03
  Workload 25d1f606...: PASSED | 10.022 µs (0.010022 ms) | 515.60x speedup | abs_err=2.98e-08, rel_err=2.82e-03
  Workload fe2e6584...: PASSED | 9.875 µs (0.009875 ms) | 520.56x speedup | abs_err=1.79e-07, rel_err=1.02e-02
  Workload ca62112d...: PASSED | 9.553 µs (0.009553 ms) | 535.03x speedup | abs_err=2.98e-08, rel_err=3.79e-03
  Workload 61dfd334...: PASSED | 9.822 µs (0.009822 ms) | 523.12x speedup | abs_err=3.81e-06, rel_err=7.63e-03
  Workload abec5d32...: PASSED | 9.427 µs (0.009427 ms) | 539.64x speedup | abs_err=1.19e-07, rel_err=2.02e-02
  Workload 76eec66d...: PASSED | 10.869 µs (0.010869 ms) | 987.87x speedup | abs_err=2.38e-07, rel_err=6.35e-02
  Workload f0507025...: PASSED | 10.735 µs (0.010735 ms) | 933.03x speedup | abs_err=1.04e-06, rel_err=3.34e-02
  Workload d1508f6d...: PASSED | 10.364 µs (0.010364 ms) | 965.24x speedup | abs_err=1.19e-07, rel_err=1.47e-02
  Workload 63d4cb66...: PASSED | 10.229 µs (0.010229 ms) | 986.38x speedup | abs_err=1.79e-07, rel_err=1.76e-02
  Workload ef6bb01d...: PASSED | 10.236 µs (0.010236 ms) | 972.24x speedup | abs_err=1.19e-07, rel_err=7.04e-03
  Workload d0acf04a...: PASSED | 10.624 µs (0.010624 ms) | 947.95x speedup | abs_err=7.63e-06, rel_err=1.44e-02
  Workload ac83f1e4...: PASSED | 10.225 µs (0.010225 ms) | 983.23x speedup | abs_err=2.38e-07, rel_err=5.99e-03
  Workload a8c8beff...: PASSED | 12.823 µs (0.012823 ms) | 1598.43x speedup | abs_err=1.19e-07, rel_err=6.00e-03
  Workload 40940a4c...: PASSED | 12.009 µs (0.012009 ms) | 1679.36x speedup | abs_err=4.77e-07, rel_err=4.23e-02
  Workload 0915952b...: PASSED | 12.205 µs (0.012205 ms) | 1648.34x speedup | abs_err=3.81e-06, rel_err=4.42e-02
  Workload d38dde79...: PASSED | 12.299 µs (0.012299 ms) | 1655.10x speedup | abs_err=1.43e-06, rel_err=1.14e-01
  Workload 388f79b1...: PASSED | 11.772 µs (0.011772 ms) | 1712.96x speedup | abs_err=2.38e-07, rel_err=7.75e-03
  Workload 80288532...: PASSED | 12.303 µs (0.012303 ms) | 1631.12x speedup | abs_err=1.91e-06, rel_err=2.22e-02
  Workload 773a4157...: PASSED | 11.708 µs (0.011708 ms) | 1703.85x speedup | abs_err=4.77e-07, rel_err=8.68e-03
  Workload 53385c7f...: PASSED | 15.563 µs (0.015563 ms) | 2005.98x speedup | abs_err=3.81e-06, rel_err=2.21e-02
  Workload 45e7697a...: PASSED | 15.343 µs (0.015343 ms) | 1960.79x speedup | abs_err=4.77e-07, rel_err=5.15e-03
  Workload 34403e5b...: PASSED | 16.015 µs (0.016015 ms) | 1880.01x speedup | abs_err=9.54e-07, rel_err=2.66e-02
  Workload b91cc4aa...: PASSED | 16.119 µs (0.016119 ms) | 1861.03x speedup | abs_err=4.17e-07, rel_err=3.36e-01
  Workload 4c38f0e4...: PASSED | 15.497 µs (0.015497 ms) | 2176.40x speedup | abs_err=3.05e-05, rel_err=5.76e-02
  Workload be91d78c...: PASSED | 16.166 µs (0.016166 ms) | 1852.16x speedup | abs_err=1.91e-06, rel_err=1.30e-01
  Workload 3803367a...: PASSED | 16.038 µs (0.016038 ms) | 1875.75x speedup | abs_err=7.63e-06, rel_err=1.37e-02
  Workload eaf0a285...: PASSED | 24.348 µs (0.024348 ms) | 1639.65x speedup | abs_err=1.91e-06, rel_err=3.11e-02
  Workload f4fd2171...: PASSED | 24.429 µs (0.024429 ms) | 1641.58x speedup | abs_err=3.81e-06, rel_err=7.47e-03
  Workload b1931bc6...: PASSED | 24.457 µs (0.024457 ms) | 1648.53x speedup | abs_err=9.54e-07, rel_err=2.52e-02
  Workload 8d0c5789...: PASSED | 24.983 µs (0.024983 ms) | 1617.95x speedup | abs_err=9.54e-07, rel_err=7.01e-03
  Workload 9eef9bc7...: PASSED | 24.454 µs (0.024454 ms) | 1633.29x speedup | abs_err=2.38e-07, rel_err=4.27e-02
  Workload 58571e49...: PASSED | 24.642 µs (0.024642 ms) | 1622.17x speedup | abs_err=3.58e-07, rel_err=1.02e-01
  Workload ef2cf980...: PASSED | 24.427 µs (0.024427 ms) | 1627.84x speedup | abs_err=3.81e-06, rel_err=3.44e-02
  Workload 42963acb...: PASSED | 24.501 µs (0.024501 ms) | 1634.18x speedup | abs_err=7.63e-06, rel_err=3.97e-01
[2026-04-24T03:10:53] Local entrypoint finished in 283.09s
[2026-04-23T18:10:53] Decode paths observed: unavailable (external target only or no wrapper logging)
[2026-04-23T18:10:53] Remote benchmark finished in 261.19s
Stopping app - local entrypoint completed.
✓ App completed. View run at 
https://modal.com/apps/kjms2026/main/ap-tdIa2d4D6qo3KI6v0OH5Ws
