✓ Initialized. View run at 
https://modal.com/apps/kjms2026/main/ap-WHKbZF1Lig8Ud1uUf2zFYC
✓ Created objects.
├── 🔨 Created mount /Users/jaewoo/SAIT/FlashInfer 
│   Challenge/mlsys26-final-decode/scripts/run_modal.py
└── 🔨 Created function run_benchmark.
[2026-04-24T11:56:41] Packing solution from source files...
Solution packed: /Users/jaewoo/SAIT/FlashInfer Challenge/mlsys26-final-decode/solution.json
  Name: gdn-decode-v2
  Definition: gdn_decode_qk4_v8_d128_k_last
  Author: MSInfer
  Config language: cuda
  Runtime language: python
  Source files: ['kernel.cu', 'decode_submit_entry.py']
[2026-04-24T11:56:41] Validating solution JSON...
[2026-04-24T11:56:41] Loaded solution gdn-decode-v2 (gdn_decode_qk4_v8_d128_k_last) in 0.01s
[2026-04-24T11:56:41] Dispatching benchmark to Modal B200...

==========
== CUDA ==
==========

CUDA Version 13.0.2

Container image Copyright (c) 2016-2023, NVIDIA CORPORATION & AFFILIATES. All rights reserved.

This container image and its contents are governed by the NVIDIA Deep Learning Container License.
By pulling and using the container, you accept the terms and conditions of this license:
https://developer.nvidia.com/ngc/nvidia-deep-learning-container-license

A copy of this license is made available in this container at /NGC-DL-CONTAINER-LICENSE for your convenience.

[2026-04-24T02:57:01] Remote benchmark start: solution=gdn-decode-v2, definition=gdn_decode_qk4_v8_d128_k_last
[2026-04-24T02:57:01] BenchmarkConfig(warmup_runs=1, iterations=5, num_trials=3)
[2026-04-24T02:57:01] Decode path mode=auto
[2026-04-24T02:57:01] Loading trace set from /data/data/mlsys26-contest
[2026-04-24T02:57:01] Loaded trace set in 0.55s
[2026-04-24T02:57:01] Running benchmark across 54 workloads
[2026-04-24T03:00:50] Benchmark completed in 228.69s
[2026-04-24T03:00:50] Decode paths observed: unavailable (external target only or no wrapper logging)
[2026-04-24T03:00:50] Remote benchmark finished in 229.23s
[2026-04-24T12:00:50] Received benchmark results in 249.61s

gdn_decode_qk4_v8_d128_k_last:
  workloads: 54
  status counts: PASSED=54
  avg latency: 13.137 µs (0.013137 ms)
  avg speedup: 943.04x
  worst abs error: 3.05e-05
  worst rel error: 3.93e-01
  Workload 901e5104...: PASSED | 9.589 µs (0.009589 ms) | 78.46x speedup | abs_err=5.96e-08, rel_err=2.85e-03
  Workload a5714b69...: PASSED | 9.417 µs (0.009417 ms) | 79.59x speedup | abs_err=3.73e-08, rel_err=2.52e-02
  Workload 3daa0974...: PASSED | 9.692 µs (0.009692 ms) | 76.72x speedup | abs_err=7.45e-09, rel_err=4.14e-03
  Workload 22d5cef5...: PASSED | 10.351 µs (0.010351 ms) | 79.58x speedup | abs_err=8.94e-08, rel_err=7.46e-03
  Workload aed4bdd4...: PASSED | 9.481 µs (0.009481 ms) | 78.17x speedup | abs_err=1.49e-08, rel_err=4.19e-03
  Workload 49a125e5...: PASSED | 9.769 µs (0.009769 ms) | 76.70x speedup | abs_err=8.94e-08, rel_err=3.83e-03
  Workload 798635cf...: PASSED | 9.455 µs (0.009455 ms) | 77.84x speedup | abs_err=1.19e-07, rel_err=1.87e-03
  Workload 5716e24a...: PASSED | 9.335 µs (0.009335 ms) | 80.40x speedup | abs_err=2.24e-07, rel_err=8.30e-04
  Workload 4c7df22f...: PASSED | 9.579 µs (0.009579 ms) | 77.63x speedup | abs_err=2.38e-07, rel_err=3.05e-02
  Workload d0e91dea...: PASSED | 9.444 µs (0.009444 ms) | 78.13x speedup | abs_err=5.96e-08, rel_err=1.05e-03
  Workload ec9d2340...: PASSED | 9.585 µs (0.009585 ms) | 272.88x speedup | abs_err=1.49e-07, rel_err=5.89e-03
  Workload 9f238670...: PASSED | 9.786 µs (0.009786 ms) | 265.12x speedup | abs_err=1.49e-08, rel_err=2.93e-03
  Workload 6d929bff...: PASSED | 9.474 µs (0.009474 ms) | 276.30x speedup | abs_err=2.38e-07, rel_err=1.04e-02
  Workload 494844dc...: PASSED | 9.670 µs (0.009670 ms) | 266.60x speedup | abs_err=2.98e-08, rel_err=4.09e-03
  Workload 26f760ab...: PASSED | 9.589 µs (0.009589 ms) | 271.53x speedup | abs_err=8.94e-08, rel_err=5.22e-03
  Workload deecf42e...: PASSED | 9.547 µs (0.009547 ms) | 276.45x speedup | abs_err=5.96e-08, rel_err=1.23e-02
  Workload 9a92acbc...: PASSED | 9.707 µs (0.009707 ms) | 268.73x speedup | abs_err=5.96e-08, rel_err=3.87e-03
  Workload fa90b213...: PASSED | 9.862 µs (0.009862 ms) | 263.79x speedup | abs_err=1.43e-06, rel_err=1.08e-01
  Workload 2640f1e3...: PASSED | 10.468 µs (0.010468 ms) | 492.01x speedup | abs_err=1.19e-07, rel_err=4.07e-03
  Workload 7464a1d6...: PASSED | 9.483 µs (0.009483 ms) | 545.22x speedup | abs_err=8.94e-08, rel_err=5.86e-03
  Workload 25d1f606...: PASSED | 9.376 µs (0.009376 ms) | 548.54x speedup | abs_err=2.98e-08, rel_err=3.86e-03
  Workload fe2e6584...: PASSED | 9.178 µs (0.009178 ms) | 549.16x speedup | abs_err=1.94e-07, rel_err=6.50e-03
  Workload ca62112d...: PASSED | 9.372 µs (0.009372 ms) | 551.43x speedup | abs_err=5.96e-08, rel_err=5.71e-03
  Workload 61dfd334...: PASSED | 9.773 µs (0.009773 ms) | 529.65x speedup | abs_err=3.81e-06, rel_err=7.63e-03
  Workload abec5d32...: PASSED | 9.303 µs (0.009303 ms) | 546.69x speedup | abs_err=1.19e-07, rel_err=2.47e-02
  Workload 76eec66d...: PASSED | 9.914 µs (0.009914 ms) | 1006.15x speedup | abs_err=2.38e-07, rel_err=7.05e-02
  Workload f0507025...: PASSED | 10.231 µs (0.010231 ms) | 976.37x speedup | abs_err=1.04e-06, rel_err=4.96e-02
  Workload d1508f6d...: PASSED | 10.080 µs (0.010080 ms) | 997.04x speedup | abs_err=1.19e-07, rel_err=6.61e-03
  Workload 63d4cb66...: PASSED | 10.423 µs (0.010423 ms) | 968.17x speedup | abs_err=1.79e-07, rel_err=1.79e-02
  Workload ef6bb01d...: PASSED | 9.933 µs (0.009933 ms) | 1028.32x speedup | abs_err=1.19e-07, rel_err=7.04e-03
  Workload d0acf04a...: PASSED | 10.161 µs (0.010161 ms) | 988.51x speedup | abs_err=7.63e-06, rel_err=1.45e-02
  Workload ac83f1e4...: PASSED | 10.588 µs (0.010588 ms) | 949.65x speedup | abs_err=2.38e-07, rel_err=5.99e-03
  Workload a8c8beff...: PASSED | 12.213 µs (0.012213 ms) | 1640.32x speedup | abs_err=9.31e-08, rel_err=6.00e-03
  Workload 40940a4c...: PASSED | 11.932 µs (0.011932 ms) | 1664.11x speedup | abs_err=4.77e-07, rel_err=1.43e-01
  Workload 0915952b...: PASSED | 12.064 µs (0.012064 ms) | 1688.07x speedup | abs_err=3.81e-06, rel_err=3.68e-02
  Workload d38dde79...: PASSED | 11.729 µs (0.011729 ms) | 1703.58x speedup | abs_err=1.43e-06, rel_err=1.01e-01
  Workload 388f79b1...: PASSED | 12.190 µs (0.012190 ms) | 1648.68x speedup | abs_err=2.38e-07, rel_err=7.75e-03
  Workload 80288532...: PASSED | 12.085 µs (0.012085 ms) | 1674.67x speedup | abs_err=2.09e-07, rel_err=1.94e-02
  Workload 773a4157...: PASSED | 11.787 µs (0.011787 ms) | 1694.48x speedup | abs_err=4.77e-07, rel_err=6.74e-03
  Workload 53385c7f...: PASSED | 21.086 µs (0.021086 ms) | 1420.04x speedup | abs_err=3.81e-06, rel_err=2.29e-02
  Workload 45e7697a...: PASSED | 15.857 µs (0.015857 ms) | 1873.50x speedup | abs_err=4.77e-07, rel_err=5.15e-03
  Workload 34403e5b...: PASSED | 16.205 µs (0.016205 ms) | 1820.05x speedup | abs_err=9.54e-07, rel_err=2.26e-02
  Workload b91cc4aa...: PASSED | 15.823 µs (0.015823 ms) | 1864.83x speedup | abs_err=4.17e-07, rel_err=3.24e-01
  Workload 4c38f0e4...: PASSED | 15.891 µs (0.015891 ms) | 1877.32x speedup | abs_err=3.05e-05, rel_err=7.60e-02
  Workload be91d78c...: PASSED | 15.821 µs (0.015821 ms) | 1870.00x speedup | abs_err=3.81e-06, rel_err=1.29e-01
  Workload 3803367a...: PASSED | 15.593 µs (0.015593 ms) | 1897.09x speedup | abs_err=7.63e-06, rel_err=1.41e-02
  Workload eaf0a285...: PASSED | 25.050 µs (0.025050 ms) | 1590.66x speedup | abs_err=1.91e-06, rel_err=2.67e-02
  Workload f4fd2171...: PASSED | 24.399 µs (0.024399 ms) | 1649.40x speedup | abs_err=2.98e-08, rel_err=8.65e-03
  Workload b1931bc6...: PASSED | 24.919 µs (0.024919 ms) | 1612.68x speedup | abs_err=9.54e-07, rel_err=2.76e-02
  Workload 8d0c5789...: PASSED | 24.772 µs (0.024772 ms) | 1604.17x speedup | abs_err=9.54e-07, rel_err=7.01e-03
  Workload 9eef9bc7...: PASSED | 25.131 µs (0.025131 ms) | 1596.51x speedup | abs_err=3.81e-06, rel_err=4.10e-02
  Workload 58571e49...: PASSED | 24.452 µs (0.024452 ms) | 1629.74x speedup | abs_err=9.54e-07, rel_err=9.54e-02
  Workload ef2cf980...: PASSED | 24.083 µs (0.024083 ms) | 1644.69x speedup | abs_err=3.81e-06, rel_err=3.35e-02
  Workload 42963acb...: PASSED | 24.678 µs (0.024678 ms) | 1638.21x speedup | abs_err=3.05e-05, rel_err=3.93e-01
[2026-04-24T12:00:50] Local entrypoint finished in 249.63s
Stopping app - local entrypoint completed.
✓ App completed. View run at 
https://modal.com/apps/kjms2026/main/ap-WHKbZF1Lig8Ud1uUf2zFYC
