✓ Initialized. View run at 
https://modal.com/apps/kjms2026/main/ap-nCfWCtQfcdmOgbQpKpLCB1
✓ Created objects.
├── 🔨 Created mount /Users/jaewoo/SAIT/FlashInfer 
│   Challenge/mlsys26-final-decode/scripts/run_modal.py
└── 🔨 Created function run_benchmark.
[2026-04-24T01:20:10] Packing solution from source files...
Solution packed: /Users/jaewoo/SAIT/FlashInfer Challenge/mlsys26-final-decode/solution.json
  Name: gdn-decode-v2
  Definition: gdn_decode_qk4_v8_d128_k_last
  Author: MSInfer
  Config language: cuda
  Runtime language: python
  Source files: ['kernel.cu', 'decode_submit_entry.py']
[2026-04-24T01:20:10] Validating solution JSON...
[2026-04-24T01:20:10] Loaded solution gdn-decode-v2 (gdn_decode_qk4_v8_d128_k_last) in 0.02s
[2026-04-24T01:20:10] Dispatching benchmark to Modal B200...

==========
== CUDA ==
==========

CUDA Version 13.0.2

Container image Copyright (c) 2016-2023, NVIDIA CORPORATION & AFFILIATES. All rights reserved.

This container image and its contents are governed by the NVIDIA Deep Learning Container License.
By pulling and using the container, you accept the terms and conditions of this license:
https://developer.nvidia.com/ngc/nvidia-deep-learning-container-license

A copy of this license is made available in this container at /NGC-DL-CONTAINER-LICENSE for your convenience.

[2026-04-23T16:20:39] Remote benchmark start: solution=gdn-decode-v2, definition=gdn_decode_qk4_v8_d128_k_last
[2026-04-23T16:20:39] BenchmarkConfig(warmup_runs=1, iterations=5, num_trials=3)
[2026-04-23T16:20:39] Decode path mode=auto
[2026-04-23T16:20:39] Loading trace set from /data/data/mlsys26-contest
[2026-04-23T16:20:39] Loaded trace set in 0.48s
[2026-04-23T16:20:39] Running benchmark across 54 workloads
[2026-04-23T16:24:31] Benchmark completed in 232.16s
[2026-04-24T01:24:32] Received benchmark results in 261.81s

gdn_decode_qk4_v8_d128_k_last:
  workloads: 54
  status counts: PASSED=54
  avg latency: 12.956 µs (0.012956 ms)
  avg speedup: 983.85x
  worst abs error: 3.05e-05
  worst rel error: 3.97e-01
  Workload 901e5104...: PASSED | 9.513 µs (0.009513 ms) | 80.57x speedup | abs_err=5.96e-08, rel_err=3.43e-03
  Workload a5714b69...: PASSED | 9.589 µs (0.009589 ms) | 78.66x speedup | abs_err=5.96e-08, rel_err=2.18e-02
  Workload 3daa0974...: PASSED | 10.257 µs (0.010257 ms) | 73.50x speedup | abs_err=1.49e-08, rel_err=3.87e-03
  Workload 22d5cef5...: PASSED | 9.504 µs (0.009504 ms) | 80.27x speedup | abs_err=8.94e-08, rel_err=9.47e-03
  Workload aed4bdd4...: PASSED | 9.751 µs (0.009751 ms) | 77.57x speedup | abs_err=1.49e-08, rel_err=4.13e-03
  Workload 49a125e5...: PASSED | 9.404 µs (0.009404 ms) | 79.68x speedup | abs_err=7.45e-08, rel_err=3.51e-03
  Workload 798635cf...: PASSED | 9.673 µs (0.009673 ms) | 78.31x speedup | abs_err=5.96e-08, rel_err=1.87e-03
  Workload 5716e24a...: PASSED | 9.521 µs (0.009521 ms) | 78.62x speedup | abs_err=2.53e-07, rel_err=8.51e-04
  Workload 4c7df22f...: PASSED | 9.877 µs (0.009877 ms) | 75.76x speedup | abs_err=2.38e-07, rel_err=2.91e-02
  Workload d0e91dea...: PASSED | 9.568 µs (0.009568 ms) | 80.25x speedup | abs_err=2.98e-08, rel_err=2.05e-03
  Workload ec9d2340...: PASSED | 9.862 µs (0.009862 ms) | 274.87x speedup | abs_err=1.19e-07, rel_err=5.89e-03
  Workload 9f238670...: PASSED | 9.532 µs (0.009532 ms) | 279.23x speedup | abs_err=1.49e-08, rel_err=2.93e-03
  Workload 6d929bff...: PASSED | 9.724 µs (0.009724 ms) | 276.63x speedup | abs_err=2.38e-07, rel_err=1.05e-02
  Workload 494844dc...: PASSED | 9.862 µs (0.009862 ms) | 269.25x speedup | abs_err=2.98e-08, rel_err=4.29e-03
  Workload 26f760ab...: PASSED | 9.916 µs (0.009916 ms) | 271.04x speedup | abs_err=7.45e-08, rel_err=5.81e-03
  Workload deecf42e...: PASSED | 9.568 µs (0.009568 ms) | 277.49x speedup | abs_err=1.19e-07, rel_err=1.31e-02
  Workload 9a92acbc...: PASSED | 9.485 µs (0.009485 ms) | 280.93x speedup | abs_err=7.45e-08, rel_err=5.94e-03
  Workload fa90b213...: PASSED | 9.359 µs (0.009359 ms) | 285.68x speedup | abs_err=1.43e-06, rel_err=1.14e-01
  Workload 2640f1e3...: PASSED | 9.133 µs (0.009133 ms) | 570.56x speedup | abs_err=1.19e-07, rel_err=3.64e-03
  Workload 7464a1d6...: PASSED | 9.596 µs (0.009596 ms) | 550.58x speedup | abs_err=9.54e-07, rel_err=6.25e-03
  Workload 25d1f606...: PASSED | 9.495 µs (0.009495 ms) | 545.73x speedup | abs_err=2.98e-08, rel_err=2.82e-03
  Workload fe2e6584...: PASSED | 9.931 µs (0.009931 ms) | 546.91x speedup | abs_err=1.79e-07, rel_err=1.02e-02
  Workload ca62112d...: PASSED | 9.596 µs (0.009596 ms) | 543.09x speedup | abs_err=2.98e-08, rel_err=3.79e-03
  Workload 61dfd334...: PASSED | 9.530 µs (0.009530 ms) | 548.72x speedup | abs_err=3.81e-06, rel_err=7.63e-03
  Workload abec5d32...: PASSED | 9.344 µs (0.009344 ms) | 556.05x speedup | abs_err=1.19e-07, rel_err=2.02e-02
  Workload 76eec66d...: PASSED | 10.436 µs (0.010436 ms) | 1000.39x speedup | abs_err=2.38e-07, rel_err=6.35e-02
  Workload f0507025...: PASSED | 10.029 µs (0.010029 ms) | 1031.78x speedup | abs_err=1.04e-06, rel_err=3.34e-02
  Workload d1508f6d...: PASSED | 9.758 µs (0.009758 ms) | 1057.02x speedup | abs_err=1.19e-07, rel_err=1.47e-02
  Workload 63d4cb66...: PASSED | 9.747 µs (0.009747 ms) | 1064.43x speedup | abs_err=1.79e-07, rel_err=1.76e-02
  Workload ef6bb01d...: PASSED | 9.760 µs (0.009760 ms) | 1073.45x speedup | abs_err=1.19e-07, rel_err=7.04e-03
  Workload d0acf04a...: PASSED | 9.805 µs (0.009805 ms) | 1029.78x speedup | abs_err=7.63e-06, rel_err=1.44e-02
  Workload ac83f1e4...: PASSED | 9.732 µs (0.009732 ms) | 1064.03x speedup | abs_err=2.38e-07, rel_err=5.99e-03
  Workload a8c8beff...: PASSED | 11.868 µs (0.011868 ms) | 1783.17x speedup | abs_err=1.19e-07, rel_err=6.00e-03
  Workload 40940a4c...: PASSED | 11.968 µs (0.011968 ms) | 1696.70x speedup | abs_err=4.77e-07, rel_err=4.23e-02
  Workload 0915952b...: PASSED | 11.435 µs (0.011435 ms) | 1799.09x speedup | abs_err=3.81e-06, rel_err=4.42e-02
  Workload d38dde79...: PASSED | 11.450 µs (0.011450 ms) | 1767.03x speedup | abs_err=1.43e-06, rel_err=1.14e-01
  Workload 388f79b1...: PASSED | 11.949 µs (0.011949 ms) | 1740.98x speedup | abs_err=2.38e-07, rel_err=7.75e-03
  Workload 80288532...: PASSED | 11.531 µs (0.011531 ms) | 1749.37x speedup | abs_err=1.91e-06, rel_err=2.22e-02
  Workload 773a4157...: PASSED | 11.889 µs (0.011889 ms) | 1716.68x speedup | abs_err=4.77e-07, rel_err=8.68e-03
  Workload 53385c7f...: PASSED | 15.644 µs (0.015644 ms) | 1928.61x speedup | abs_err=3.81e-06, rel_err=2.21e-02
  Workload 45e7697a...: PASSED | 15.450 µs (0.015450 ms) | 1937.11x speedup | abs_err=4.77e-07, rel_err=5.15e-03
  Workload 34403e5b...: PASSED | 15.678 µs (0.015678 ms) | 1934.29x speedup | abs_err=9.54e-07, rel_err=2.66e-02
  Workload b91cc4aa...: PASSED | 15.450 µs (0.015450 ms) | 1962.46x speedup | abs_err=4.17e-07, rel_err=3.36e-01
  Workload 4c38f0e4...: PASSED | 15.590 µs (0.015590 ms) | 1976.73x speedup | abs_err=3.05e-05, rel_err=5.76e-02
  Workload be91d78c...: PASSED | 15.838 µs (0.015838 ms) | 1919.86x speedup | abs_err=1.91e-06, rel_err=1.30e-01
  Workload 3803367a...: PASSED | 15.377 µs (0.015377 ms) | 1957.77x speedup | abs_err=7.63e-06, rel_err=1.37e-02
  Workload eaf0a285...: PASSED | 24.986 µs (0.024986 ms) | 1597.70x speedup | abs_err=1.91e-06, rel_err=3.11e-02
  Workload f4fd2171...: PASSED | 24.973 µs (0.024973 ms) | 1609.85x speedup | abs_err=3.81e-06, rel_err=7.47e-03
  Workload b1931bc6...: PASSED | 24.742 µs (0.024742 ms) | 1622.29x speedup | abs_err=9.54e-07, rel_err=2.52e-02
  Workload 8d0c5789...: PASSED | 24.973 µs (0.024973 ms) | 1594.38x speedup | abs_err=9.54e-07, rel_err=7.01e-03
  Workload 9eef9bc7...: PASSED | 24.685 µs (0.024685 ms) | 1680.17x speedup | abs_err=2.38e-07, rel_err=4.27e-02
  Workload 58571e49...: PASSED | 24.787 µs (0.024787 ms) | 1663.20x speedup | abs_err=3.58e-07, rel_err=1.02e-01
  Workload ef2cf980...: PASSED | 24.870 µs (0.024870 ms) | 1652.09x speedup | abs_err=3.81e-06, rel_err=3.44e-02
  Workload 42963acb...: PASSED | 24.617 µs (0.024617 ms) | 1657.63x speedup | abs_err=7.63e-06, rel_err=3.97e-01
[2026-04-24T01:24:32] Local entrypoint finished in 261.83s
[2026-04-23T16:24:31] Decode paths observed: unavailable (external target only or no wrapper logging)
[2026-04-23T16:24:31] Remote benchmark finished in 232.64s
Stopping app - local entrypoint completed.
[modal-client] 2026-04-24T01:24:42+0900 Timed out waiting for final app logs.
✓ App completed. View run at 
https://modal.com/apps/kjms2026/main/ap-nCfWCtQfcdmOgbQpKpLCB1
