✓ Initialized. View run at 
https://modal.com/apps/kjms2026/main/ap-yaPy4rGWsee8zAPAu5shf3
✓ Created objects.
├── 🔨 Created mount /Users/jaewoo/SAIT/FlashInfer 
│   Challenge/mlsys26-final-decode/scripts/run_modal.py
└── 🔨 Created function run_benchmark.
[2026-04-24T10:39:27] Packing solution from source files...
Solution packed: /Users/jaewoo/SAIT/FlashInfer Challenge/mlsys26-final-decode/solution.json
  Name: gdn-decode-v2
  Definition: gdn_decode_qk4_v8_d128_k_last
  Author: MSInfer
  Config language: cuda
  Runtime language: python
  Source files: ['kernel.cu', 'decode_submit_entry.py']
[2026-04-24T10:39:27] Validating solution JSON...
[2026-04-24T10:39:27] Loaded solution gdn-decode-v2 (gdn_decode_qk4_v8_d128_k_last) in 0.01s
[2026-04-24T10:39:27] Dispatching benchmark to Modal B200...

==========
== CUDA ==
==========

CUDA Version 13.0.2

Container image Copyright (c) 2016-2023, NVIDIA CORPORATION & AFFILIATES. All rights reserved.

This container image and its contents are governed by the NVIDIA Deep Learning Container License.
By pulling and using the container, you accept the terms and conditions of this license:
https://developer.nvidia.com/ngc/nvidia-deep-learning-container-license

A copy of this license is made available in this container at /NGC-DL-CONTAINER-LICENSE for your convenience.

[2026-04-24T01:39:31] Remote benchmark start: solution=gdn-decode-v2, definition=gdn_decode_qk4_v8_d128_k_last
[2026-04-24T01:39:31] BenchmarkConfig(warmup_runs=1, iterations=5, num_trials=3)
[2026-04-24T01:39:31] Decode path mode=auto
[2026-04-24T01:39:31] Loading trace set from /data/data/mlsys26-contest
[2026-04-24T01:39:32] Loaded trace set in 0.53s
[2026-04-24T01:39:32] Running benchmark across 54 workloads

==========
== CUDA ==
==========

CUDA Version 13.0.2

Container image Copyright (c) 2016-2023, NVIDIA CORPORATION & AFFILIATES. All rights reserved.

This container image and its contents are governed by the NVIDIA Deep Learning Container License.
By pulling and using the container, you accept the terms and conditions of this license:
https://developer.nvidia.com/ngc/nvidia-deep-learning-container-license

A copy of this license is made available in this container at /NGC-DL-CONTAINER-LICENSE for your convenience.

[2026-04-24T01:46:24] Benchmark completed in 411.76s
[2026-04-24T01:46:24] Decode paths observed: unavailable (external target only or no wrapper logging)
[2026-04-24T01:46:24] Remote benchmark finished in 412.30s
[2026-04-24T10:46:24] Received benchmark results in 417.15s

gdn_decode_qk4_v8_d128_k_last:
  workloads: 54
  status counts: PASSED=54
  avg latency: 18.830 µs (0.018830 ms)
  avg speedup: 1237.38x
  worst abs error: 3.05e-05
  worst rel error: 3.97e-01
  Workload 901e5104...: PASSED | 14.596 µs (0.014596 ms) | 88.38x speedup | abs_err=5.96e-08, rel_err=3.43e-03
  Workload a5714b69...: PASSED | 15.725 µs (0.015725 ms) | 80.93x speedup | abs_err=5.96e-08, rel_err=2.18e-02
  Workload 3daa0974...: PASSED | 16.279 µs (0.016279 ms) | 81.58x speedup | abs_err=1.49e-08, rel_err=3.87e-03
  Workload 22d5cef5...: PASSED | 15.654 µs (0.015654 ms) | 85.21x speedup | abs_err=8.94e-08, rel_err=9.47e-03
  Workload aed4bdd4...: PASSED | 17.747 µs (0.017747 ms) | 69.46x speedup | abs_err=1.49e-08, rel_err=4.13e-03
  Workload 49a125e5...: PASSED | 15.424 µs (0.015424 ms) | 81.49x speedup | abs_err=7.45e-08, rel_err=3.51e-03
  Workload 798635cf...: PASSED | 16.100 µs (0.016100 ms) | 77.99x speedup | abs_err=5.96e-08, rel_err=1.87e-03
  Workload 5716e24a...: PASSED | 15.349 µs (0.015349 ms) | 85.83x speedup | abs_err=2.53e-07, rel_err=8.51e-04
  Workload 4c7df22f...: PASSED | 18.445 µs (0.018445 ms) | 71.19x speedup | abs_err=2.38e-07, rel_err=2.91e-02
  Workload d0e91dea...: PASSED | 19.319 µs (0.019319 ms) | 82.09x speedup | abs_err=2.98e-08, rel_err=2.05e-03
  Workload ec9d2340...: PASSED | 16.830 µs (0.016830 ms) | 277.85x speedup | abs_err=1.19e-07, rel_err=5.89e-03
  Workload 9f238670...: PASSED | 15.232 µs (0.015232 ms) | 310.32x speedup | abs_err=1.49e-08, rel_err=2.93e-03
  Workload 6d929bff...: PASSED | 15.255 µs (0.015255 ms) | 288.32x speedup | abs_err=2.38e-07, rel_err=1.05e-02
  Workload 494844dc...: PASSED | 15.358 µs (0.015358 ms) | 291.68x speedup | abs_err=2.98e-08, rel_err=4.29e-03
  Workload 26f760ab...: PASSED | 14.656 µs (0.014656 ms) | 304.52x speedup | abs_err=7.45e-08, rel_err=5.81e-03
  Workload deecf42e...: PASSED | 14.554 µs (0.014554 ms) | 304.57x speedup | abs_err=1.19e-07, rel_err=1.31e-02
  Workload 9a92acbc...: PASSED | 15.053 µs (0.015053 ms) | 301.11x speedup | abs_err=7.45e-08, rel_err=5.94e-03
  Workload fa90b213...: PASSED | 18.477 µs (0.018477 ms) | 232.67x speedup | abs_err=1.43e-06, rel_err=1.14e-01
  Workload 2640f1e3...: PASSED | 15.113 µs (0.015113 ms) | 714.69x speedup | abs_err=1.19e-07, rel_err=3.64e-03
  Workload 7464a1d6...: PASSED | 14.837 µs (0.014837 ms) | 591.14x speedup | abs_err=9.54e-07, rel_err=6.25e-03
  Workload 25d1f606...: PASSED | 17.214 µs (0.017214 ms) | 492.98x speedup | abs_err=2.98e-08, rel_err=2.82e-03
  Workload fe2e6584...: PASSED | 14.330 µs (0.014330 ms) | 671.19x speedup | abs_err=1.79e-07, rel_err=1.02e-02
  Workload ca62112d...: PASSED | 14.910 µs (0.014910 ms) | 566.28x speedup | abs_err=2.98e-08, rel_err=3.79e-03
  Workload 61dfd334...: PASSED | 15.883 µs (0.015883 ms) | 530.89x speedup | abs_err=3.81e-06, rel_err=7.63e-03
  Workload abec5d32...: PASSED | 15.445 µs (0.015445 ms) | 568.16x speedup | abs_err=1.19e-07, rel_err=2.02e-02
  Workload 76eec66d...: PASSED | 14.370 µs (0.014370 ms) | 1176.86x speedup | abs_err=2.38e-07, rel_err=6.35e-02
  Workload f0507025...: PASSED | 18.739 µs (0.018739 ms) | 908.53x speedup | abs_err=1.04e-06, rel_err=3.34e-02
  Workload d1508f6d...: PASSED | 19.550 µs (0.019550 ms) | 1088.59x speedup | abs_err=1.19e-07, rel_err=1.47e-02
  Workload 63d4cb66...: PASSED | 19.443 µs (0.019443 ms) | 1002.80x speedup | abs_err=1.79e-07, rel_err=1.76e-02
  Workload ef6bb01d...: PASSED | 15.458 µs (0.015458 ms) | 1232.90x speedup | abs_err=1.19e-07, rel_err=7.04e-03
  Workload d0acf04a...: PASSED | 14.428 µs (0.014428 ms) | 1163.58x speedup | abs_err=7.63e-06, rel_err=1.44e-02
  Workload ac83f1e4...: PASSED | 18.867 µs (0.018867 ms) | 1102.02x speedup | abs_err=2.38e-07, rel_err=5.99e-03
  Workload a8c8beff...: PASSED | 17.696 µs (0.017696 ms) | 2113.43x speedup | abs_err=1.19e-07, rel_err=6.00e-03
  Workload 40940a4c...: PASSED | 18.338 µs (0.018338 ms) | 1848.77x speedup | abs_err=4.77e-07, rel_err=4.23e-02
  Workload 0915952b...: PASSED | 16.563 µs (0.016563 ms) | 2155.42x speedup | abs_err=3.81e-06, rel_err=4.42e-02
  Workload d38dde79...: PASSED | 15.533 µs (0.015533 ms) | 2256.36x speedup | abs_err=1.43e-06, rel_err=1.14e-01
  Workload 388f79b1...: PASSED | 15.529 µs (0.015529 ms) | 2352.02x speedup | abs_err=2.38e-07, rel_err=7.75e-03
  Workload 80288532...: PASSED | 19.076 µs (0.019076 ms) | 1838.41x speedup | abs_err=1.91e-06, rel_err=2.22e-02
  Workload 773a4157...: PASSED | 17.517 µs (0.017517 ms) | 2059.86x speedup | abs_err=4.77e-07, rel_err=8.68e-03
  Workload 53385c7f...: PASSED | 20.324 µs (0.020324 ms) | 2621.01x speedup | abs_err=3.81e-06, rel_err=2.21e-02
  Workload 45e7697a...: PASSED | 20.361 µs (0.020361 ms) | 2535.29x speedup | abs_err=4.77e-07, rel_err=5.15e-03
  Workload 34403e5b...: PASSED | 20.826 µs (0.020826 ms) | 2550.71x speedup | abs_err=9.54e-07, rel_err=2.66e-02
  Workload b91cc4aa...: PASSED | 20.245 µs (0.020245 ms) | 2621.30x speedup | abs_err=4.17e-07, rel_err=3.36e-01
  Workload 4c38f0e4...: PASSED | 19.283 µs (0.019283 ms) | 2762.20x speedup | abs_err=3.05e-05, rel_err=5.76e-02
  Workload be91d78c...: PASSED | 21.536 µs (0.021536 ms) | 2362.71x speedup | abs_err=1.91e-06, rel_err=1.30e-01
  Workload 3803367a...: PASSED | 21.133 µs (0.021133 ms) | 2554.88x speedup | abs_err=7.63e-06, rel_err=1.37e-02
  Workload eaf0a285...: PASSED | 29.457 µs (0.029457 ms) | 2435.15x speedup | abs_err=1.91e-06, rel_err=3.11e-02
  Workload f4fd2171...: PASSED | 28.608 µs (0.028608 ms) | 2386.19x speedup | abs_err=3.81e-06, rel_err=7.47e-03
  Workload b1931bc6...: PASSED | 30.355 µs (0.030355 ms) | 2237.77x speedup | abs_err=9.54e-07, rel_err=2.52e-02
  Workload 8d0c5789...: PASSED | 29.035 µs (0.029035 ms) | 2503.75x speedup | abs_err=9.54e-07, rel_err=7.01e-03
  Workload 9eef9bc7...: PASSED | 29.047 µs (0.029047 ms) | 2484.52x speedup | abs_err=2.38e-07, rel_err=4.27e-02
  Workload 58571e49...: PASSED | 28.501 µs (0.028501 ms) | 2541.17x speedup | abs_err=3.58e-07, rel_err=1.02e-01
  Workload ef2cf980...: PASSED | 29.837 µs (0.029837 ms) | 2287.67x speedup | abs_err=3.81e-06, rel_err=3.44e-02
  Workload 42963acb...: PASSED | 29.363 µs (0.029363 ms) | 2383.99x speedup | abs_err=7.63e-06, rel_err=3.97e-01
[2026-04-24T10:46:24] Local entrypoint finished in 417.16s
Stopping app - local entrypoint completed.
✓ App completed. View run at 
https://modal.com/apps/kjms2026/main/ap-yaPy4rGWsee8zAPAu5shf3
